This is XeTeX, Version 3.14159265-2.6-0.99999 (TeX Live 2018) (preloaded format=xelatex 2018.11.6)  15 AUG 2019 16:06
entering extended mode
 restricted \write18 enabled.
 file:line:error style messages enabled.
 %&-line parsing enabled.
**memoire_main.tex
(./memoire_main.tex
LaTeX2e <2018-04-01> patch level 2
Babel <3.18> and hyphenation patterns for 84 language(s) loaded.
(/usr/local/texlive/2018/texmf-dist/tex/latex/base/book.cls
Document Class: book 2014/09/29 v1.4h Standard LaTeX document class
(/usr/local/texlive/2018/texmf-dist/tex/latex/base/bk12.clo
File: bk12.clo 2014/09/29 v1.4h Standard LaTeX file (size option)
)
\c@part=\count80
\c@chapter=\count81
\c@section=\count82
\c@subsection=\count83
\c@subsubsection=\count84
\c@paragraph=\count85
\c@subparagraph=\count86
\c@figure=\count87
\c@table=\count88
\abovecaptionskip=\skip41
\belowcaptionskip=\skip42
\bibindent=\dimen102
)
(/usr/local/texlive/2018/texmf-dist/tex/latex/base/inputenc.sty
Package: inputenc 2018/04/06 v1.3b Input encoding file
\inpenc@prehook=\toks14
\inpenc@posthook=\toks15


Package inputenc Warning: inputenc package ignored with utf8 based engines.

) (/usr/local/texlive/2018/texmf-dist/tex/latex/fontspec/fontspec.sty
(/usr/local/texlive/2018/texmf-dist/tex/latex/l3packages/xparse/xparse.sty
(/usr/local/texlive/2018/texmf-dist/tex/latex/l3kernel/expl3.sty
Package: expl3 2018/03/05 L3 programming layer (loader) 

(/usr/local/texlive/2018/texmf-dist/tex/latex/l3kernel/expl3-code.tex
Package: expl3 2018/03/05 L3 programming layer (code)
\c_max_int=\count89
\l_tmpa_int=\count90
\l_tmpb_int=\count91
\g_tmpa_int=\count92
\g_tmpb_int=\count93
\g__intarray_font_int=\count94
\g__prg_map_int=\count95
\c_log_iow=\count96
\l_iow_line_count_int=\count97
\l__iow_line_target_int=\count98
\l__iow_one_indent_int=\count99
\l__iow_indent_int=\count100
\c_zero_dim=\dimen103
\c_max_dim=\dimen104
\l_tmpa_dim=\dimen105
\l_tmpb_dim=\dimen106
\g_tmpa_dim=\dimen107
\g_tmpb_dim=\dimen108
\c_zero_skip=\skip43
\c_max_skip=\skip44
\l_tmpa_skip=\skip45
\l_tmpb_skip=\skip46
\g_tmpa_skip=\skip47
\g_tmpb_skip=\skip48
\c_zero_muskip=\muskip10
\c_max_muskip=\muskip11
\l_tmpa_muskip=\muskip12
\l_tmpb_muskip=\muskip13
\g_tmpa_muskip=\muskip14
\g_tmpb_muskip=\muskip15
\l_keys_choice_int=\count101
\c__fp_leading_shift_int=\count102
\c__fp_middle_shift_int=\count103
\c__fp_trailing_shift_int=\count104
\c__fp_big_leading_shift_int=\count105
\c__fp_big_middle_shift_int=\count106
\c__fp_big_trailing_shift_int=\count107
\c__fp_Bigg_leading_shift_int=\count108
\c__fp_Bigg_middle_shift_int=\count109
\c__fp_Bigg_trailing_shift_int=\count110
\l__sort_length_int=\count111
\l__sort_min_int=\count112
\l__sort_top_int=\count113
\l__sort_max_int=\count114
\l__sort_true_max_int=\count115
\l__sort_block_int=\count116
\l__sort_begin_int=\count117
\l__sort_end_int=\count118
\l__sort_A_int=\count119
\l__sort_B_int=\count120
\l__sort_C_int=\count121
\l__tl_build_start_index_int=\count122
\l__tl_build_index_int=\count123
\l__tl_analysis_normal_int=\count124
\l__tl_analysis_index_int=\count125
\l__tl_analysis_nesting_int=\count126
\l__tl_analysis_type_int=\count127
\l__regex_internal_a_int=\count128
\l__regex_internal_b_int=\count129
\l__regex_internal_c_int=\count130
\l__regex_balance_int=\count131
\l__regex_group_level_int=\count132
\l__regex_mode_int=\count133
\c__regex_cs_in_class_mode_int=\count134
\c__regex_cs_mode_int=\count135
\l__regex_catcodes_int=\count136
\l__regex_default_catcodes_int=\count137
\c__regex_catcode_L_int=\count138
\c__regex_catcode_O_int=\count139
\c__regex_catcode_A_int=\count140
\c__regex_all_catcodes_int=\count141
\l__regex_show_lines_int=\count142
\l__regex_min_state_int=\count143
\l__regex_max_state_int=\count144
\l__regex_left_state_int=\count145
\l__regex_right_state_int=\count146
\l__regex_capturing_group_int=\count147
\l__regex_min_pos_int=\count148
\l__regex_max_pos_int=\count149
\l__regex_curr_pos_int=\count150
\l__regex_start_pos_int=\count151
\l__regex_success_pos_int=\count152
\l__regex_curr_char_int=\count153
\l__regex_curr_catcode_int=\count154
\l__regex_last_char_int=\count155
\l__regex_case_changed_char_int=\count156
\l__regex_curr_state_int=\count157
\l__regex_step_int=\count158
\l__regex_min_active_int=\count159
\l__regex_max_active_int=\count160
\l__regex_replacement_csnames_int=\count161
\l__regex_match_count_int=\count162
\l__regex_min_submatch_int=\count163
\l__regex_submatch_int=\count164
\l__regex_zeroth_submatch_int=\count165
\g__regex_trace_regex_int=\count166
\c_empty_box=\box26
\l_tmpa_box=\box27
\l_tmpb_box=\box28
\g_tmpa_box=\box29
\g_tmpb_box=\box30
\l__box_top_dim=\dimen109
\l__box_bottom_dim=\dimen110
\l__box_left_dim=\dimen111
\l__box_right_dim=\dimen112
\l__box_top_new_dim=\dimen113
\l__box_bottom_new_dim=\dimen114
\l__box_left_new_dim=\dimen115
\l__box_right_new_dim=\dimen116
\l__box_internal_box=\box31
\l__coffin_internal_box=\box32
\l__coffin_internal_dim=\dimen117
\l__coffin_offset_x_dim=\dimen118
\l__coffin_offset_y_dim=\dimen119
\l__coffin_x_dim=\dimen120
\l__coffin_y_dim=\dimen121
\l__coffin_x_prime_dim=\dimen122
\l__coffin_y_prime_dim=\dimen123
\c_empty_coffin=\box33
\l__coffin_aligned_coffin=\box34
\l__coffin_aligned_internal_coffin=\box35
\l_tmpa_coffin=\box36
\l_tmpb_coffin=\box37
\l__coffin_display_coffin=\box38
\l__coffin_display_coord_coffin=\box39
\l__coffin_display_pole_coffin=\box40
\l__coffin_display_offset_dim=\dimen124
\l__coffin_display_x_dim=\dimen125
\l__coffin_display_y_dim=\dimen126
\l__coffin_bounding_shift_dim=\dimen127
\l__coffin_left_corner_dim=\dimen128
\l__coffin_right_corner_dim=\dimen129
\l__coffin_bottom_corner_dim=\dimen130
\l__coffin_top_corner_dim=\dimen131
\l__coffin_scaled_total_height_dim=\dimen132
\l__coffin_scaled_width_dim=\dimen133
)
(/usr/local/texlive/2018/texmf-dist/tex/latex/l3kernel/l3xdvipdfmx.def
File: l3xdvidpfmx.def 2017/03/18 v L3 Experimental driver: xdvipdfmx
\g__driver_image_int=\count167
))
Package: xparse 2018/02/21 L3 Experimental document command parser
\l__xparse_current_arg_int=\count168
\g__xparse_grabber_int=\count169
\l__xparse_m_args_int=\count170
\l__xparse_mandatory_args_int=\count171
\l__xparse_v_nesting_int=\count172
)
Package: fontspec 2017/11/09 v2.6g Font selection for XeLaTeX and LuaLaTeX

(/usr/local/texlive/2018/texmf-dist/tex/latex/fontspec/fontspec-xetex.sty
Package: fontspec-xetex 2017/11/09 v2.6g Font selection for XeLaTeX and LuaLaTe
X
\l__fontspec_script_int=\count173
\l__fontspec_language_int=\count174
\l__fontspec_strnum_int=\count175
\l__fontspec_tmp_int=\count176
\l__fontspec_em_int=\count177
\l__fontspec_emdef_int=\count178
\l__fontspec_strong_int=\count179
\l__fontspec_strongdef_int=\count180
\l__fontspec_tmpa_dim=\dimen134
\l__fontspec_tmpb_dim=\dimen135
\l__fontspec_tmpc_dim=\dimen136
\g__file_internal_ior=\read1

(/usr/local/texlive/2018/texmf-dist/tex/latex/base/fontenc.sty
Package: fontenc 2017/04/05 v2.0i Standard LaTeX package

(/usr/local/texlive/2018/texmf-dist/tex/latex/base/tuenc.def
File: tuenc.def 2017/04/05 v2.0i Standard LaTeX file
LaTeX Font Info:    Redeclaring font encoding TU on input line 82.
))
.................................................
. LaTeX info: "xparse/define-command"
. 
. Defining command \fontspec with sig. 'O{}mO{}' on line 542.
.................................................
.................................................
. LaTeX info: "xparse/define-command"
. 
. Defining command \setmainfont with sig. 'O{}mO{}' on line 546.
.................................................
.................................................
. LaTeX info: "xparse/define-command"
. 
. Defining command \setsansfont with sig. 'O{}mO{}' on line 550.
.................................................
.................................................
. LaTeX info: "xparse/define-command"
. 
. Defining command \setmonofont with sig. 'O{}mO{}' on line 554.
.................................................
.................................................
. LaTeX info: "xparse/define-command"
. 
. Defining command \setmathrm with sig. 'O{}mO{}' on line 558.
.................................................
.................................................
. LaTeX info: "xparse/define-command"
. 
. Defining command \setboldmathrm with sig. 'O{}mO{}' on line 562.
.................................................
.................................................
. LaTeX info: "xparse/define-command"
. 
. Defining command \setmathsf with sig. 'O{}mO{}' on line 566.
.................................................
.................................................
. LaTeX info: "xparse/define-command"
. 
. Defining command \setmathtt with sig. 'O{}mO{}' on line 570.
.................................................
.................................................
. LaTeX info: "xparse/define-command"
. 
. Defining command \setromanfont with sig. 'O{}mO{}' on line 574.
.................................................
.................................................
. LaTeX info: "xparse/define-command"
. 
. Defining command \newfontfamily with sig. 'mO{}mO{}' on line 578.
.................................................
.................................................
. LaTeX info: "xparse/define-command"
. 
. Defining command \newfontface with sig. 'mO{}mO{}' on line 582.
.................................................
.................................................
. LaTeX info: "xparse/define-command"
. 
. Defining command \defaultfontfeatures with sig. 't+om' on line 586.
.................................................
.................................................
. LaTeX info: "xparse/define-command"
. 
. Defining command \addfontfeatures with sig. 'm' on line 590.
.................................................
.................................................
. LaTeX info: "xparse/define-command"
. 
. Defining command \addfontfeature with sig. 'm' on line 594.
.................................................
.................................................
. LaTeX info: "xparse/define-command"
. 
. Defining command \newfontfeature with sig. 'mm' on line 598.
.................................................
.................................................
. LaTeX info: "xparse/define-command"
. 
. Defining command \newAATfeature with sig. 'mmmm' on line 602.
.................................................
.................................................
. LaTeX info: "xparse/define-command"
. 
. Defining command \newopentypefeature with sig. 'mmm' on line 606.
.................................................
.................................................
. LaTeX info: "xparse/define-command"
. 
. Defining command \newICUfeature with sig. 'mmm' on line 610.
.................................................
.................................................
. LaTeX info: "xparse/define-command"
. 
. Defining command \aliasfontfeature with sig. 'mm' on line 614.
.................................................
.................................................
. LaTeX info: "xparse/define-command"
. 
. Defining command \aliasfontfeatureoption with sig. 'mmm' on line 618.
.................................................
.................................................
. LaTeX info: "xparse/define-command"
. 
. Defining command \newfontscript with sig. 'mm' on line 622.
.................................................
.................................................
. LaTeX info: "xparse/define-command"
. 
. Defining command \newfontlanguage with sig. 'mm' on line 626.
.................................................
.................................................
. LaTeX info: "xparse/define-command"
. 
. Defining command \DeclareFontsExtensions with sig. 'm' on line 630.
.................................................
.................................................
. LaTeX info: "xparse/define-command"
. 
. Defining command \IfFontFeatureActiveTF with sig. 'mmm' on line 634.
.................................................
.................................................
. LaTeX info: "xparse/define-command"
. 
. Defining command \EncodingCommand with sig. 'mO{}m' on line 3632.
.................................................
.................................................
. LaTeX info: "xparse/define-command"
. 
. Defining command \EncodingAccent with sig. 'mm' on line 3638.
.................................................
.................................................
. LaTeX info: "xparse/define-command"
. 
. Defining command \EncodingSymbol with sig. 'mm' on line 3644.
.................................................
.................................................
. LaTeX info: "xparse/define-command"
. 
. Defining command \EncodingComposite with sig. 'mmm' on line 3650.
.................................................
.................................................
. LaTeX info: "xparse/define-command"
. 
. Defining command \EncodingCompositeCommand with sig. 'mmm' on line 3656.
.................................................
.................................................
. LaTeX info: "xparse/define-command"
. 
. Defining command \DeclareUnicodeEncoding with sig. 'mm' on line 3681.
.................................................
.................................................
. LaTeX info: "xparse/define-command"
. 
. Defining command \UndeclareSymbol with sig. 'm' on line 3687.
.................................................
.................................................
. LaTeX info: "xparse/define-command"
. 
. Defining command \UndeclareAccent with sig. 'm' on line 3693.
.................................................
.................................................
. LaTeX info: "xparse/define-command"
. 
. Defining command \UndeclareCommand with sig. 'm' on line 3699.
.................................................
.................................................
. LaTeX info: "xparse/define-command"
. 
. Defining command \UndeclareComposite with sig. 'mm' on line 3706.
.................................................

(/usr/local/texlive/2018/texmf-dist/tex/latex/fontspec/fontspec.cfg)
LaTeX Info: Redefining \itshape on input line 3891.
LaTeX Info: Redefining \slshape on input line 3896.
LaTeX Info: Redefining \scshape on input line 3901.
LaTeX Info: Redefining \upshape on input line 3906.
LaTeX Info: Redefining \em on input line 3936.
LaTeX Info: Redefining \emph on input line 3961.
LaTeX Info: Redefining \- on input line 4015.
.................................................
. LaTeX info: "xparse/redefine-command"
. 
. Redefining command \oldstylenums with sig. 'm' on line 4110.
.................................................
.................................................
. LaTeX info: "xparse/define-command"
. 
. Defining command \liningnums with sig. 'm' on line 4114.
.................................................
))
(/usr/local/texlive/2018/texmf-dist/tex/generic/babel/babel.sty
Package: babel 2018/02/14 3.18 The Babel package

(/usr/local/texlive/2018/texmf-dist/tex/generic/babel/switch.def
File: switch.def 2018/02/14 3.18 Babel switching mechanism
)
(/usr/local/texlive/2018/texmf-dist/tex/generic/babel-english/english.ldf
Language: english 2017/06/06 v3.3r English support from the babel system

(/usr/local/texlive/2018/texmf-dist/tex/generic/babel/babel.def
File: babel.def 2018/02/14 3.18 Babel common definitions
\babel@savecnt=\count181
\U@D=\dimen137

(/usr/local/texlive/2018/texmf-dist/tex/generic/babel/xebabel.def
(/usr/local/texlive/2018/texmf-dist/tex/generic/babel/txtbabel.def))
\bbl@dirlevel=\count182
)
\l@canadian = a dialect from \language\l@american 
\l@australian = a dialect from \language\l@british 
\l@newzealand = a dialect from \language\l@british 
)
(/usr/local/texlive/2018/texmf-dist/tex/generic/babel-french/french.ldf
Language: french 2018/03/25 v3.4c French support from the babel system
\l@acadian = a dialect from \language\l@french 
\FB@nonchar=\count183
Package french.ldf Info: No need for active punctuation characters
(french.ldf)             with this version of XeTeX!
(french.ldf)             reported on input line 327.
\FB@punctthick=\XeTeXcharclass1
\FB@punctthin=\XeTeXcharclass2
\FB@punctnul=\XeTeXcharclass3
\FB@guilo=\XeTeXcharclass4
\FB@guilf=\XeTeXcharclass5
\FB@guilnul=\XeTeXcharclass6
\FBguill@level=\count184
\FB@everypar=\toks16
\FB@Mht=\dimen138
LaTeX Info: Redefining \degres on input line 757.
\mc@charclass=\count185
\mc@charfam=\count186
\mc@charslot=\count187
\std@mcc=\count188
\dec@mcc=\count189
\c@FBcaption@count=\count190
\listindentFB=\skip49
\descindentFB=\skip50
\labelwidthFB=\skip51
\leftmarginFB=\skip52
\parindentFFN=\dimen139
\FBfnindent=\skip53
))
(/usr/local/texlive/2018/texmf-dist/tex/latex/carlisle/scalefnt.sty)
(/usr/local/texlive/2018/texmf-dist/tex/latex/graphics/keyval.sty
Package: keyval 2014/10/28 v1.15 key=value parser (DPC)
\KV@toks@=\toks17
)
(/usr/local/texlive/2018/texmf-dist/tex/latex/tocbibind/tocbibind.sty
Package: tocbibind 2010/10/13 v1.5k extra ToC listings
Package tocbibind Info: The document has chapter divisions on input line 50.


Package tocbibind Note: Using chapter style headings, unless overridden.

) (/usr/local/texlive/2018/texmf-dist/tex/latex/pdfpages/pdfpages.sty
Package: pdfpages 2017/10/31 v0.5l Insert pages of external PDF documents (AM)

(/usr/local/texlive/2018/texmf-dist/tex/latex/base/ifthen.sty
Package: ifthen 2014/09/29 v1.1c Standard LaTeX ifthen package (DPC)
)
(/usr/local/texlive/2018/texmf-dist/tex/latex/tools/calc.sty
Package: calc 2017/05/25 v4.3 Infix arithmetic (KKT,FJ)
\calc@Acount=\count191
\calc@Bcount=\count192
\calc@Adimen=\dimen140
\calc@Bdimen=\dimen141
\calc@Askip=\skip54
\calc@Bskip=\skip55
LaTeX Info: Redefining \setlength on input line 80.
LaTeX Info: Redefining \addtolength on input line 81.
\calc@Ccount=\count193
\calc@Cskip=\skip56
)
(/usr/local/texlive/2018/texmf-dist/tex/latex/eso-pic/eso-pic.sty
Package: eso-pic 2015/07/21 v2.0g eso-pic (RN)

(/usr/local/texlive/2018/texmf-dist/tex/generic/oberdiek/atbegshi.sty
Package: atbegshi 2016/06/09 v1.18 At begin shipout hook (HO)

(/usr/local/texlive/2018/texmf-dist/tex/generic/oberdiek/infwarerr.sty
Package: infwarerr 2016/05/16 v1.4 Providing info/warning/error messages (HO)
)
(/usr/local/texlive/2018/texmf-dist/tex/generic/oberdiek/ltxcmds.sty
Package: ltxcmds 2016/05/16 v1.23 LaTeX kernel commands for general use (HO)
)
(/usr/local/texlive/2018/texmf-dist/tex/generic/oberdiek/ifpdf.sty
Package: ifpdf 2017/03/15 v3.2 Provides the ifpdf switch
))
(/usr/local/texlive/2018/texmf-dist/tex/latex/xcolor/xcolor.sty
Package: xcolor 2016/05/11 v2.12 LaTeX color extensions (UK)

(/usr/local/texlive/2018/texmf-dist/tex/latex/graphics-cfg/color.cfg
File: color.cfg 2016/01/02 v1.6 sample color configuration
)
Package xcolor Info: Driver file: xetex.def on input line 225.

(/usr/local/texlive/2018/texmf-dist/tex/latex/graphics-def/xetex.def
File: xetex.def 2017/06/24 v5.0h Graphics/color driver for xetex
)
(/usr/local/texlive/2018/texmf-dist/tex/latex/colortbl/colortbl.sty
Package: colortbl 2012/02/13 v1.0a Color table columns (DPC)

(/usr/local/texlive/2018/texmf-dist/tex/latex/tools/array.sty
Package: array 2018/04/07 v2.4g Tabular extension package (FMi)
\col@sep=\dimen142
\ar@mcellbox=\box41
\extrarowheight=\dimen143
\NC@list=\toks18
\extratabsurround=\skip57
\backup@length=\skip58
\ar@cellbox=\box42
)
\everycr=\toks19
\minrowclearance=\skip59
)
\rownum=\count194
Package xcolor Info: Model `cmy' substituted by `cmy0' on input line 1348.
Package xcolor Info: Model `RGB' extended on input line 1364.
Package xcolor Info: Model `HTML' substituted by `rgb' on input line 1366.
Package xcolor Info: Model `Hsb' substituted by `hsb' on input line 1367.
Package xcolor Info: Model `tHsb' substituted by `hsb' on input line 1368.
Package xcolor Info: Model `HSB' substituted by `hsb' on input line 1369.
Package xcolor Info: Model `Gray' substituted by `gray' on input line 1370.
Package xcolor Info: Model `wave' substituted by `hsb' on input line 1371.
))
(/usr/local/texlive/2018/texmf-dist/tex/latex/graphics/graphicx.sty
Package: graphicx 2017/06/01 v1.1a Enhanced LaTeX Graphics (DPC,SPQR)

(/usr/local/texlive/2018/texmf-dist/tex/latex/graphics/graphics.sty
Package: graphics 2017/06/25 v1.2c Standard LaTeX Graphics (DPC,SPQR)

(/usr/local/texlive/2018/texmf-dist/tex/latex/graphics/trig.sty
Package: trig 2016/01/03 v1.10 sin cos tan (DPC)
)
(/usr/local/texlive/2018/texmf-dist/tex/latex/graphics-cfg/graphics.cfg
File: graphics.cfg 2016/06/04 v1.11 sample graphics configuration
)
Package graphics Info: Driver file: xetex.def on input line 99.
)
\Gin@req@height=\dimen144
\Gin@req@width=\dimen145
)
\AM@pagewidth=\dimen146
\AM@pageheight=\dimen147

(/usr/local/texlive/2018/texmf-dist/tex/latex/pdfpages/ppxetex.def
File: ppxetex.def 2017/10/31 v0.5l Pdfpages driver for XeTeX (AM)
)
\AM@pagebox=\box43
\AM@global@opts=\toks20
\AM@toc@title=\toks21
\c@AM@survey=\count195
\AM@templatesizebox=\box44
)
(/usr/local/texlive/2018/texmf-dist/tex/latex/hyperref/hyperref.sty
Package: hyperref 2018/02/06 v6.86b Hypertext links for LaTeX

(/usr/local/texlive/2018/texmf-dist/tex/generic/oberdiek/hobsub-hyperref.sty
Package: hobsub-hyperref 2016/05/16 v1.14 Bundle oberdiek, subset hyperref (HO)


(/usr/local/texlive/2018/texmf-dist/tex/generic/oberdiek/hobsub-generic.sty
Package: hobsub-generic 2016/05/16 v1.14 Bundle oberdiek, subset generic (HO)
Package: hobsub 2016/05/16 v1.14 Construct package bundles (HO)
Package hobsub Info: Skipping package `infwarerr' (already loaded).
Package hobsub Info: Skipping package `ltxcmds' (already loaded).
Package: ifluatex 2016/05/16 v1.4 Provides the ifluatex switch (HO)
Package ifluatex Info: LuaTeX not detected.
Package: ifvtex 2016/05/16 v1.6 Detect VTeX and its facilities (HO)
Package ifvtex Info: VTeX not detected.
Package: intcalc 2016/05/16 v1.2 Expandable calculations with integers (HO)
Package hobsub Info: Skipping package `ifpdf' (already loaded).
Package: etexcmds 2016/05/16 v1.6 Avoid name clashes with e-TeX commands (HO)
Package etexcmds Info: Could not find \expanded.
(etexcmds)             That can mean that you are not using pdfTeX 1.50 or
(etexcmds)             that some package has redefined \expanded.
(etexcmds)             In the latter case, load this package earlier.
Package: kvsetkeys 2016/05/16 v1.17 Key value parser (HO)
Package: kvdefinekeys 2016/05/16 v1.4 Define keys (HO)
Package: pdftexcmds 2018/01/30 v0.27 Utility functions of pdfTeX for LuaTeX (HO
)
Package pdftexcmds Info: LuaTeX not detected.
Package pdftexcmds Info: pdfTeX >= 1.30 not detected.
Package pdftexcmds Info: \pdf@primitive is available.
Package pdftexcmds Info: \pdf@ifprimitive is available.
Package pdftexcmds Info: \pdfdraftmode not found.
Package: pdfescape 2016/05/16 v1.14 Implements pdfTeX's escape features (HO)
Package: bigintcalc 2016/05/16 v1.4 Expandable calculations on big integers (HO
)
Package: bitset 2016/05/16 v1.2 Handle bit-vector datatype (HO)
Package: uniquecounter 2016/05/16 v1.3 Provide unlimited unique counter (HO)
)
Package hobsub Info: Skipping package `hobsub' (already loaded).
Package: letltxmacro 2016/05/16 v1.5 Let assignment for LaTeX macros (HO)
Package: hopatch 2016/05/16 v1.3 Wrapper for package hooks (HO)
Package: xcolor-patch 2016/05/16 xcolor patch
Package: atveryend 2016/05/16 v1.9 Hooks at the very end of document (HO)
Package atveryend Info: \enddocument detected (standard20110627).
Package hobsub Info: Skipping package `atbegshi' (already loaded).
Package: refcount 2016/05/16 v3.5 Data extraction from label references (HO)
Package: hycolor 2016/05/16 v1.8 Color options for hyperref/bookmark (HO)
)
(/usr/local/texlive/2018/texmf-dist/tex/generic/ifxetex/ifxetex.sty
Package: ifxetex 2010/09/12 v0.6 Provides ifxetex conditional
)
(/usr/local/texlive/2018/texmf-dist/tex/latex/oberdiek/auxhook.sty
Package: auxhook 2016/05/16 v1.4 Hooks for auxiliary files (HO)
)
(/usr/local/texlive/2018/texmf-dist/tex/latex/oberdiek/kvoptions.sty
Package: kvoptions 2016/05/16 v3.12 Key value format for package options (HO)
)
\@linkdim=\dimen148
\Hy@linkcounter=\count196
\Hy@pagecounter=\count197

(/usr/local/texlive/2018/texmf-dist/tex/latex/hyperref/pd1enc.def
File: pd1enc.def 2018/02/06 v6.86b Hyperref: PDFDocEncoding definition (HO)
)
\Hy@SavedSpaceFactor=\count198

(/usr/local/texlive/2018/texmf-dist/tex/latex/latexconfig/hyperref.cfg
File: hyperref.cfg 2002/06/06 v1.2 hyperref configuration of TeXLive
)
Package hyperref Info: Option `pdfusetitle' set `true' on input line 4383.


Package hyperref Warning: XeTeX driver only supports unicode.
(hyperref)                Enabling option `unicode'.

Package hyperref Info: Option `unicode' set `true' on input line 4383.
(/usr/local/texlive/2018/texmf-dist/tex/latex/hyperref/puenc.def
File: puenc.def 2018/02/06 v6.86b Hyperref: PDF Unicode definition (HO)
)
Package hyperref Info: Hyper figures OFF on input line 4509.
Package hyperref Info: Link nesting OFF on input line 4514.
Package hyperref Info: Hyper index ON on input line 4517.
Package hyperref Info: Plain pages OFF on input line 4524.
Package hyperref Info: Backreferencing OFF on input line 4529.
Package hyperref Info: Implicit mode ON; LaTeX internals redefined.
Package hyperref Info: Bookmarks ON on input line 4762.
\c@Hy@tempcnt=\count199

(/usr/local/texlive/2018/texmf-dist/tex/latex/url/url.sty
\Urlmuskip=\muskip16
Package: url 2013/09/16  ver 3.4  Verb mode for urls, etc.
)
LaTeX Info: Redefining \url on input line 5115.
\XeTeXLinkMargin=\dimen149
\Fld@menulength=\count266
\Field@Width=\dimen150
\Fld@charsize=\dimen151
Package hyperref Info: Hyper figures OFF on input line 6369.
Package hyperref Info: Link nesting OFF on input line 6374.
Package hyperref Info: Hyper index ON on input line 6377.
Package hyperref Info: backreferencing OFF on input line 6384.
Package hyperref Info: Link coloring OFF on input line 6389.
Package hyperref Info: Link coloring with OCG OFF on input line 6394.
Package hyperref Info: PDF/A mode OFF on input line 6399.
LaTeX Info: Redefining \ref on input line 6439.
LaTeX Info: Redefining \pageref on input line 6443.
\Hy@abspage=\count267
\c@Item=\count268
\c@Hfootnote=\count269
)
Package hyperref Info: Driver (autodetected): hxetex.

(/usr/local/texlive/2018/texmf-dist/tex/latex/hyperref/hxetex.def
File: hxetex.def 2018/02/06 v6.86b Hyperref driver for XeTeX

(/usr/local/texlive/2018/texmf-dist/tex/generic/oberdiek/stringenc.sty
Package: stringenc 2016/05/16 v1.11 Convert strings between diff. encodings (HO
)
)
\pdfm@box=\box45
\c@Hy@AnnotLevel=\count270
\HyField@AnnotCount=\count271
\Fld@listcount=\count272
\c@bookmark@seq@number=\count273

(/usr/local/texlive/2018/texmf-dist/tex/latex/oberdiek/rerunfilecheck.sty
Package: rerunfilecheck 2016/05/16 v1.8 Rerun checks for auxiliary files (HO)
Package uniquecounter Info: New unique counter `rerunfilecheck' on input line 2
82.
)
\Hy@SectionHShift=\skip60
)
(/usr/local/texlive/2018/texmf-dist/tex/latex/geometry/geometry.sty
Package: geometry 2018/03/24 v5.7 Page Geometry
\Gm@cnth=\count274
\Gm@cntv=\count275
\c@Gm@tempcnt=\count276
\Gm@bindingoffset=\dimen152
\Gm@wd@mp=\dimen153
\Gm@odd@mp=\dimen154
\Gm@even@mp=\dimen155
\Gm@layoutwidth=\dimen156
\Gm@layoutheight=\dimen157
\Gm@layouthoffset=\dimen158
\Gm@layoutvoffset=\dimen159
\Gm@dimlist=\toks22
)
(/usr/local/texlive/2018/texmf-dist/tex/latex/setspace/setspace.sty
Package: setspace 2011/12/19 v6.7a set line spacing
)
(/usr/local/texlive/2018/texmf-dist/tex/latex/tools/enumerate.sty
Package: enumerate 2015/07/23 v3.00 enumerate extensions (DPC)
\@enLab=\toks23
)
(/usr/local/texlive/2018/texmf-dist/tex/latex/enumitem/enumitem.sty
Package: enumitem 2011/09/28 v3.5.2 Customized lists
\labelindent=\skip61
\enit@outerparindent=\dimen160
\enit@toks=\toks24
\enit@inbox=\box46
\enitdp@description=\count277
)
(/usr/local/texlive/2018/texmf-dist/tex/latex/glossaries/base/glossaries.sty
Package: glossaries 2018/04/07 v4.37 (NLCT)

(/usr/local/texlive/2018/texmf-dist/tex/latex/xkeyval/xkeyval.sty
Package: xkeyval 2014/12/03 v2.7a package option processing (HA)

(/usr/local/texlive/2018/texmf-dist/tex/generic/xkeyval/xkeyval.tex
(/usr/local/texlive/2018/texmf-dist/tex/generic/xkeyval/xkvutils.tex
\XKV@toks=\toks25
\XKV@tempa@toks=\toks26
)
\XKV@depth=\count278
File: xkeyval.tex 2014/12/03 v2.7a key=value parser (HA)
))
(/usr/local/texlive/2018/texmf-dist/tex/latex/mfirstuc/mfirstuc.sty
Package: mfirstuc 2017/11/14 v2.06 (NLCT)

(/usr/local/texlive/2018/texmf-dist/tex/latex/etoolbox/etoolbox.sty
Package: etoolbox 2018/02/11 v2.5e e-TeX tools for LaTeX (JAW)
\etb@tempcnta=\count279
)
\@glsmfirst=\toks27
\@glsmrest=\toks28
)
(/usr/local/texlive/2018/texmf-dist/tex/latex/textcase/textcase.sty
Package: textcase 2004/10/07 v0.07 Text only upper/lower case changing (DPC)
)
(/usr/local/texlive/2018/texmf-dist/tex/latex/xfor/xfor.sty
Package: xfor 2009/02/05 v1.05 (NLCT)
)
(/usr/local/texlive/2018/texmf-dist/tex/latex/datatool/datatool-base.sty
Package: datatool-base 2017/11/12 v2.29 (NLCT)

(/usr/local/texlive/2018/texmf-dist/tex/latex/amsmath/amsmath.sty
Package: amsmath 2017/09/02 v2.17a AMS math features
\@mathmargin=\skip62

For additional information on amsmath, use the `?' option.
(/usr/local/texlive/2018/texmf-dist/tex/latex/amsmath/amstext.sty
Package: amstext 2000/06/29 v2.01 AMS text

(/usr/local/texlive/2018/texmf-dist/tex/latex/amsmath/amsgen.sty
File: amsgen.sty 1999/11/30 v2.0 generic functions
\@emptytoks=\toks29
\ex@=\dimen161
))
(/usr/local/texlive/2018/texmf-dist/tex/latex/amsmath/amsbsy.sty
Package: amsbsy 1999/11/29 v1.2d Bold Symbols
\pmbraise@=\dimen162
)
(/usr/local/texlive/2018/texmf-dist/tex/latex/amsmath/amsopn.sty
Package: amsopn 2016/03/08 v2.02 operator names
)
\inf@bad=\count280
LaTeX Info: Redefining \frac on input line 213.
\uproot@=\count281
\leftroot@=\count282
LaTeX Info: Redefining \overline on input line 375.
\classnum@=\count283
\DOTSCASE@=\count284
LaTeX Info: Redefining \ldots on input line 472.
LaTeX Info: Redefining \dots on input line 475.
LaTeX Info: Redefining \cdots on input line 596.
\Mathstrutbox@=\box47
\strutbox@=\box48
\big@size=\dimen163
LaTeX Font Info:    Redeclaring font encoding OML on input line 712.
LaTeX Font Info:    Redeclaring font encoding OMS on input line 713.
\macc@depth=\count285
\c@MaxMatrixCols=\count286
\dotsspace@=\muskip17
\c@parentequation=\count287
\dspbrk@lvl=\count288
\tag@help=\toks30
\row@=\count289
\column@=\count290
\maxfields@=\count291
\andhelp@=\toks31
\eqnshift@=\dimen164
\alignsep@=\dimen165
\tagshift@=\dimen166
\tagwidth@=\dimen167
\totwidth@=\dimen168
\lineht@=\dimen169
\@envbody=\toks32
\multlinegap=\skip63
\multlinetaggap=\skip64
\mathdisplay@stack=\toks33
LaTeX Info: Redefining \[ on input line 2817.
LaTeX Info: Redefining \] on input line 2818.
)
(/usr/local/texlive/2018/texmf-dist/tex/latex/substr/substr.sty
Package: substr 2009/10/20 v1.2 Handle substrings
\c@su@anzahl=\count292
)
(/usr/local/texlive/2018/texmf-dist/tex/latex/datatool/datatool-fp.sty
Package: datatool-fp 2017/11/12 v2.29 (NLCT)

(/usr/local/texlive/2018/texmf-dist/tex/latex/fp/fp.sty
Package: fp 1995/04/02

`Fixed Point Package', Version 0.8, April 2, 1995 (C) Michael Mehlich
(/usr/local/texlive/2018/texmf-dist/tex/latex/fp/defpattern.sty
Package: defpattern 1994/10/12
\actioncount=\count293
)
(/usr/local/texlive/2018/texmf-dist/tex/latex/fp/fp-basic.sty
Package: fp-basic 1996/05/13
\FP@xs=\count294
\FP@xia=\count295
\FP@xib=\count296
\FP@xfa=\count297
\FP@xfb=\count298
\FP@rega=\count299
\FP@regb=\count300
\FP@regs=\count301
\FP@times=\count302
)
(/usr/local/texlive/2018/texmf-dist/tex/latex/fp/fp-addons.sty
Package: fp-addons 1995/03/15
)
(/usr/local/texlive/2018/texmf-dist/tex/latex/fp/fp-snap.sty
Package: fp-snap 1995/04/05
)
(/usr/local/texlive/2018/texmf-dist/tex/latex/fp/fp-exp.sty
Package: fp-exp 1995/04/03
)
(/usr/local/texlive/2018/texmf-dist/tex/latex/fp/fp-trigo.sty
Package: fp-trigo 1995/04/14
)
(/usr/local/texlive/2018/texmf-dist/tex/latex/fp/fp-pas.sty
Package: fp-pas 1994/08/29
)
(/usr/local/texlive/2018/texmf-dist/tex/latex/fp/fp-random.sty
Package: fp-random 1995/02/23
\FPseed=\count303
)
(/usr/local/texlive/2018/texmf-dist/tex/latex/fp/fp-eqn.sty
Package: fp-eqn 1995/04/03
)
(/usr/local/texlive/2018/texmf-dist/tex/latex/fp/fp-upn.sty
Package: fp-upn 1996/10/21
)
(/usr/local/texlive/2018/texmf-dist/tex/latex/fp/fp-eval.sty
Package: fp-eval 1995/04/03
)))
\@dtl@toks=\toks34
\@dtl@tmpcount=\count304
\dtl@tmplength=\skip65
\dtl@sortresult=\count305
\@dtl@numgrpsepcount=\count306
\@dtl@datatype=\count307
\dtl@codeA=\count308
\dtl@codeB=\count309
\@dtl@foreach@level=\count310
)
(/usr/local/texlive/2018/texmf-dist/tex/latex/glossaries/base/glossaries-compat
ible-307.sty
Package: glossaries-compatible-307 2018/04/07 v4.37 (NLCT)
)
(/usr/local/texlive/2018/texmf-dist/tex/latex/tracklang/tracklang.sty
Package: tracklang 2018/02/21 v1.3.5 (NLCT) Track Languages

(/usr/local/texlive/2018/texmf-dist/tex/generic/tracklang/tracklang.tex))
(/usr/local/texlive/2018/texmf-dist/tex/latex/translator/translator.sty
Package: translator 2018/01/04 v1.12 Easy translation of strings in LaTeX
)
(/usr/local/texlive/2018/texmf-dist/tex/latex/glossaries-french/glossaries-fren
ch.ldf
File: glossaries-french.ldf 2016/12/12 v1.1
)
(/usr/local/texlive/2018/texmf-dist/tex/latex/glossaries-english/glossaries-eng
lish.ldf
File: glossaries-english.ldf 2014/11/23 v1.0
)
\gls@level=\count311
\@gls@tmpb=\toks35
\gls@tmplen=\skip66
\glskeylisttok=\toks36
\glslabeltok=\toks37
\glsshorttok=\toks38
\glslongtok=\toks39

(/usr/local/texlive/2018/texmf-dist/tex/latex/glossaries/styles/glossary-hypern
av.sty
Package: glossary-hypernav 2018/04/07 v4.37 (NLCT)
)
(/usr/local/texlive/2018/texmf-dist/tex/latex/glossaries/styles/glossary-list.s
ty
Package: glossary-list 2018/04/07 v4.37 (NLCT)
\glslistdottedwidth=\skip67
)
(/usr/local/texlive/2018/texmf-dist/tex/latex/glossaries/styles/glossary-long.s
ty
Package: glossary-long 2018/04/07 v4.37 (NLCT)
 (/usr/local/texlive/2018/texmf-dist/tex/latex/tools/longtable.sty
Package: longtable 2014/10/28 v4.11 Multi-page Table package (DPC)
\LTleft=\skip68
\LTright=\skip69
\LTpre=\skip70
\LTpost=\skip71
\LTchunksize=\count312
\LTcapwidth=\dimen170
\LT@head=\box49
\LT@firsthead=\box50
\LT@foot=\box51
\LT@lastfoot=\box52
\LT@cols=\count313
\LT@rows=\count314
\c@LT@tables=\count315
\c@LT@chunks=\count316
\LT@p@ftn=\toks40
)
\glsdescwidth=\skip72
\glspagelistwidth=\skip73
)
(/usr/local/texlive/2018/texmf-dist/tex/latex/glossaries/styles/glossary-super.
sty
Package: glossary-super 2018/04/07 v4.37 (NLCT)
 (/usr/local/texlive/2018/texmf-dist/tex/latex/supertabular/supertabular.sty
Package: supertabular 2004/02/20 v4.1e the supertabular environment
\c@tracingst=\count317
\ST@wd=\dimen171
\ST@rightskip=\skip74
\ST@leftskip=\skip75
\ST@parfillskip=\skip76
\ST@pageleft=\dimen172
\ST@headht=\dimen173
\ST@tailht=\dimen174
\ST@pagesofar=\dimen175
\ST@pboxht=\dimen176
\ST@lineht=\dimen177
\ST@stretchht=\dimen178
\ST@prevht=\dimen179
\ST@toadd=\dimen180
\ST@dimen=\dimen181
\ST@pbox=\box53
))
(/usr/local/texlive/2018/texmf-dist/tex/latex/glossaries/styles/glossary-tree.s
ty
Package: glossary-tree 2018/04/07 v4.37 (NLCT)
\glstreeindent=\skip77
))
\glswrite=\write3
\glo@main@file=\write4
\openout4 = `memoire_main.glo'.

Package glossaries Info: Writing glossary file memoire_main.glo on input line 3
8.
\glo@acronym@file=\write5
\openout5 = `memoire_main.acn'.

Package glossaries Info: Writing glossary file memoire_main.acn on input line 3
8.
 (./back/glossaire.tex)
(/usr/local/texlive/2018/texmf-dist/tex/latex/biblatex/biblatex.sty
Package: biblatex 2018/03/04 v3.11 programmable bibliographies (PK/MW)

(/usr/local/texlive/2018/texmf-dist/tex/latex/logreq/logreq.sty
Package: logreq 2010/08/04 v1.0 xml request logger
\lrq@indent=\count318

(/usr/local/texlive/2018/texmf-dist/tex/latex/logreq/logreq.def
File: logreq.def 2010/08/04 v1.0 logreq spec v1.0
))
(/usr/local/texlive/2018/texmf-dist/tex/generic/xstring/xstring.sty
(/usr/local/texlive/2018/texmf-dist/tex/generic/xstring/xstring.tex
\@xs@message=\write6
\integerpart=\count319
\decimalpart=\count320
)
Package: xstring 2013/10/13  v1.7c  String manipulations (C Tellechea)
)
\c@tabx@nest=\count321
\c@listtotal=\count322
\c@listcount=\count323
\c@liststart=\count324
\c@liststop=\count325
\c@citecount=\count326
\c@citetotal=\count327
\c@multicitecount=\count328
\c@multicitetotal=\count329
\c@instcount=\count330
\c@maxnames=\count331
\c@minnames=\count332
\c@maxitems=\count333
\c@minitems=\count334
\c@citecounter=\count335
\c@savedcitecounter=\count336
\c@uniquelist=\count337
\c@uniquename=\count338
\c@refsection=\count339
\c@refsegment=\count340
\c@maxextratitle=\count341
\c@maxextratitleyear=\count342
\c@maxextradate=\count343
\c@maxextraalpha=\count344
\c@abbrvpenalty=\count345
\c@highnamepenalty=\count346
\c@lownamepenalty=\count347
\c@maxparens=\count348
\c@parenlevel=\count349
\blx@tempcnta=\count350
\blx@tempcntb=\count351
\blx@tempcntc=\count352
\blx@maxsection=\count353
\blx@maxsegment@0=\count354
\blx@notetype=\count355
\blx@parenlevel@text=\count356
\blx@parenlevel@foot=\count357
\blx@sectionciteorder@0=\count358
\labelnumberwidth=\skip78
\labelalphawidth=\skip79
\biblabelsep=\skip80
\bibitemsep=\skip81
\bibnamesep=\skip82
\bibinitsep=\skip83
\bibparsep=\skip84
\bibhang=\skip85
\blx@bcfin=\read2
\blx@bcfout=\write7
\c@mincomprange=\count359
\c@maxcomprange=\count360
\c@mincompwidth=\count361
Package biblatex Info: Trying to load biblatex default data model...
Package biblatex Info: ... file 'blx-dm.def' found.

(/usr/local/texlive/2018/texmf-dist/tex/latex/biblatex/blx-dm.def
File: blx-dm.def 2018/03/04 v3.11 biblatex localization (PK/MW)
)
Package biblatex Info: Trying to load biblatex style data model...
Package biblatex Info: ... file 'enc.dbx' not found.
Package biblatex Info: Trying to load biblatex custom data model...
Package biblatex Info: ... file 'biblatex-dm.cfg' not found.
\c@afterword=\count362
\c@savedafterword=\count363
\c@annotator=\count364
\c@savedannotator=\count365
\c@author=\count366
\c@savedauthor=\count367
\c@bookauthor=\count368
\c@savedbookauthor=\count369
\c@commentator=\count370
\c@savedcommentator=\count371
\c@editor=\count372
\c@savededitor=\count373
\c@editora=\count374
\c@savededitora=\count375
\c@editorb=\count376
\c@savededitorb=\count377
\c@editorc=\count378
\c@savededitorc=\count379
\c@foreword=\count380
\c@savedforeword=\count381
\c@holder=\count382
\c@savedholder=\count383
\c@introduction=\count384
\c@savedintroduction=\count385
\c@namea=\count386
\c@savednamea=\count387
\c@nameb=\count388
\c@savednameb=\count389
\c@namec=\count390
\c@savednamec=\count391
\c@translator=\count392
\c@savedtranslator=\count393
\c@shortauthor=\count394
\c@savedshortauthor=\count395
\c@shorteditor=\count396
\c@savedshorteditor=\count397
\c@labelname=\count398
\c@savedlabelname=\count399
\c@institution=\count400
\c@savedinstitution=\count401
\c@lista=\count402
\c@savedlista=\count403
\c@listb=\count404
\c@savedlistb=\count405
\c@listc=\count406
\c@savedlistc=\count407
\c@listd=\count408
\c@savedlistd=\count409
\c@liste=\count410
\c@savedliste=\count411
\c@listf=\count412
\c@savedlistf=\count413
\c@location=\count414
\c@savedlocation=\count415
\c@organization=\count416
\c@savedorganization=\count417
\c@origlocation=\count418
\c@savedoriglocation=\count419
\c@origpublisher=\count420
\c@savedorigpublisher=\count421
\c@publisher=\count422
\c@savedpublisher=\count423
\c@language=\count424
\c@savedlanguage=\count425
\c@origlanguage=\count426
\c@savedoriglanguage=\count427
\c@pageref=\count428
\c@savedpageref=\count429
\shorthandwidth=\skip86
\shortjournalwidth=\skip87
\shortserieswidth=\skip88
\shorttitlewidth=\skip89
\shortauthorwidth=\skip90
\shorteditorwidth=\skip91
\locallabelnumberwidth=\skip92
\locallabelalphawidth=\skip93
\localshorthandwidth=\skip94
\localshortjournalwidth=\skip95
\localshortserieswidth=\skip96
\localshorttitlewidth=\skip97
\localshortauthorwidth=\skip98
\localshorteditorwidth=\skip99
Package biblatex Info: Trying to load enhanced support for Unicode engines...
Package biblatex Info: ... file 'blx-unicode.def' found.

(/usr/local/texlive/2018/texmf-dist/tex/latex/biblatex/blx-unicode.def)
Package biblatex Info: Trying to load compatibility code...
Package biblatex Info: ... file 'blx-compat.def' found.

(/usr/local/texlive/2018/texmf-dist/tex/latex/biblatex/blx-compat.def
File: blx-compat.def 2018/03/04 v3.11 biblatex compatibility (PK/MW)
)
Package biblatex Info: Trying to load generic definitions...
Package biblatex Info: ... file 'biblatex.def' found.

(/usr/local/texlive/2018/texmf-dist/tex/latex/biblatex/biblatex.def
File: biblatex.def 2018/03/04 v3.11 biblatex compatibility (PK/MW)
\c@textcitecount=\count430
\c@textcitetotal=\count431
\c@textcitemaxnames=\count432
\c@biburlnumpenalty=\count433
\c@biburlucpenalty=\count434
\c@biburllcpenalty=\count435
\c@smartand=\count436
)
Package biblatex Info: Trying to load bibliography style 'enc'...
Package biblatex Info: ... file 'enc.bbx' found.
 (./enc.bbx
File: enc.bbx 
)
Package biblatex Info: Trying to load citation style 'enc'...
Package biblatex Info: ... file 'enc.cbx' found.
 (./enc.cbx
File: enc.cbx 
Package biblatex Info: Redefining '\cite'.
Package biblatex Info: Redefining '\textcite'.
Package biblatex Info: Redefining '\parencite'.
Package biblatex Info: Redefining '\footcite'.
)
Package biblatex Info: Trying to load configuration file...
Package biblatex Info: ... file 'biblatex.cfg' found.

(/usr/local/texlive/2018/texmf-dist/tex/latex/biblatex/biblatex.cfg
File: biblatex.cfg 
))
(/usr/local/texlive/2018/texmf-dist/tex/latex/multirow/multirow.sty
Package: multirow 2016/11/25 v2.2 Span multiple rows of a table
\multirow@colwidth=\skip100
\multirow@cntb=\count437
\multirow@dima=\skip101
\bigstrutjot=\dimen182
)
(/usr/local/texlive/2018/texmf-dist/tex/latex/float/float.sty
Package: float 2001/11/08 v1.3d Float enhancements (AL)
\c@float@type=\count438
\float@exts=\toks41
\float@box=\box54
\@float@everytoks=\toks42
\@floatcapt=\box55
)
(/usr/local/texlive/2018/texmf-dist/tex/latex/graphics/rotating.sty
Package: rotating 2016/08/11 v2.16d rotated objects in LaTeX
\c@r@tfl@t=\count439
\rotFPtop=\skip102
\rotFPbot=\skip103
\rot@float@box=\box56
\rot@mess@toks=\toks43
)
Package biblatex Info: Trying to load language 'french'...
Package biblatex Info: ... file 'french.lbx' found.

(/usr/local/texlive/2018/texmf-dist/tex/latex/biblatex/lbx/french.lbx
File: french.lbx 2018/03/04 v3.11 biblatex localization (PK/MW)
)
Package biblatex Info: Trying to load language 'english'...
Package biblatex Info: ... file 'english.lbx' found.

(/usr/local/texlive/2018/texmf-dist/tex/latex/biblatex/lbx/english.lbx
File: english.lbx 2018/03/04 v3.11 biblatex localization (PK/MW)
)

Package biblatex Warning: 'babel/polyglossia' detected but 'csquotes' missing.
(biblatex)                Loading 'csquotes' recommended.

\@quotelevel=\count440
\@quotereset=\count441
(./memoire_main.aux (./front/titlepage.aux) (./front/abstract.aux)
(./front/thanks.aux) (./main/introduction.aux) (./main/partie1.aux)
(./main/partie2.aux) (./main/partie3.aux) (./main/conclusion.aux))
\openout1 = `memoire_main.aux'.

LaTeX Font Info:    Checking defaults for OML/cmm/m/it on input line 68.
LaTeX Font Info:    ... okay on input line 68.
LaTeX Font Info:    Checking defaults for T1/cmr/m/n on input line 68.
LaTeX Font Info:    ... okay on input line 68.
LaTeX Font Info:    Checking defaults for OT1/cmr/m/n on input line 68.
LaTeX Font Info:    ... okay on input line 68.
LaTeX Font Info:    Checking defaults for OMS/cmsy/m/n on input line 68.
LaTeX Font Info:    ... okay on input line 68.
LaTeX Font Info:    Checking defaults for TU/lmr/m/n on input line 68.
LaTeX Font Info:    ... okay on input line 68.
LaTeX Font Info:    Checking defaults for OMX/cmex/m/n on input line 68.
LaTeX Font Info:    ... okay on input line 68.
LaTeX Font Info:    Checking defaults for U/cmr/m/n on input line 68.
LaTeX Font Info:    ... okay on input line 68.
LaTeX Font Info:    Checking defaults for PD1/pdf/m/n on input line 68.
LaTeX Font Info:    ... okay on input line 68.
LaTeX Font Info:    Checking defaults for PU/pdf/m/n on input line 68.
LaTeX Font Info:    ... okay on input line 68.
.................................................
. fontspec info: "setup-math"
. 
. Adjusting the maths setup (use [no-math] to avoid this).
.................................................
\symlegacymaths=\mathgroup4
LaTeX Font Info:    Overwriting symbol font `legacymaths' in version `bold'
(Font)                  OT1/cmr/m/n --> OT1/cmr/bx/n on input line 68.
LaTeX Font Info:    Redeclaring math accent \acute on input line 68.
LaTeX Font Info:    Redeclaring math accent \grave on input line 68.
LaTeX Font Info:    Redeclaring math accent \ddot on input line 68.
LaTeX Font Info:    Redeclaring math accent \tilde on input line 68.
LaTeX Font Info:    Redeclaring math accent \bar on input line 68.
LaTeX Font Info:    Redeclaring math accent \breve on input line 68.
LaTeX Font Info:    Redeclaring math accent \check on input line 68.
LaTeX Font Info:    Redeclaring math accent \hat on input line 68.
LaTeX Font Info:    Redeclaring math accent \dot on input line 68.
LaTeX Font Info:    Redeclaring math accent \mathring on input line 68.
LaTeX Font Info:    Redeclaring math symbol \Gamma on input line 68.
LaTeX Font Info:    Redeclaring math symbol \Delta on input line 68.
LaTeX Font Info:    Redeclaring math symbol \Theta on input line 68.
LaTeX Font Info:    Redeclaring math symbol \Lambda on input line 68.
LaTeX Font Info:    Redeclaring math symbol \Xi on input line 68.
LaTeX Font Info:    Redeclaring math symbol \Pi on input line 68.
LaTeX Font Info:    Redeclaring math symbol \Sigma on input line 68.
LaTeX Font Info:    Redeclaring math symbol \Upsilon on input line 68.
LaTeX Font Info:    Redeclaring math symbol \Phi on input line 68.
LaTeX Font Info:    Redeclaring math symbol \Psi on input line 68.
LaTeX Font Info:    Redeclaring math symbol \Omega on input line 68.
LaTeX Font Info:    Redeclaring math symbol \mathdollar on input line 68.
LaTeX Font Info:    Redeclaring symbol font `operators' on input line 68.
LaTeX Font Info:    Encoding `OT1' has changed to `TU' for symbol font
(Font)              `operators' in the math version `normal' on input line 68.
LaTeX Font Info:    Overwriting symbol font `operators' in version `normal'
(Font)                  OT1/cmr/m/n --> TU/lmr/m/n on input line 68.
LaTeX Font Info:    Encoding `OT1' has changed to `TU' for symbol font
(Font)              `operators' in the math version `bold' on input line 68.
LaTeX Font Info:    Overwriting symbol font `operators' in version `bold'
(Font)                  OT1/cmr/bx/n --> TU/lmr/m/n on input line 68.
LaTeX Font Info:    Overwriting symbol font `operators' in version `normal'
(Font)                  TU/lmr/m/n --> TU/lmr/m/n on input line 68.
LaTeX Font Info:    Overwriting math alphabet `\mathit' in version `normal'
(Font)                  OT1/cmr/m/it --> TU/lmr/m/it on input line 68.
LaTeX Font Info:    Overwriting math alphabet `\mathbf' in version `normal'
(Font)                  OT1/cmr/bx/n --> TU/lmr/bx/n on input line 68.
LaTeX Font Info:    Overwriting math alphabet `\mathsf' in version `normal'
(Font)                  OT1/cmss/m/n --> TU/lmss/m/n on input line 68.
LaTeX Font Info:    Overwriting math alphabet `\mathtt' in version `normal'
(Font)                  OT1/cmtt/m/n --> TU/lmtt/m/n on input line 68.
LaTeX Font Info:    Overwriting symbol font `operators' in version `bold'
(Font)                  TU/lmr/m/n --> TU/lmr/bx/n on input line 68.
LaTeX Font Info:    Overwriting math alphabet `\mathit' in version `bold'
(Font)                  OT1/cmr/bx/it --> TU/lmr/bx/it on input line 68.
LaTeX Font Info:    Overwriting math alphabet `\mathsf' in version `bold'
(Font)                  OT1/cmss/bx/n --> TU/lmss/bx/n on input line 68.
LaTeX Font Info:    Overwriting math alphabet `\mathtt' in version `bold'
(Font)                  OT1/cmtt/m/n --> TU/lmtt/bx/n on input line 68.
LaTeX Info: Redefining \dots on input line 68.
Package french.ldf Info: Setting StandardItemizeEnv=true for
(french.ldf)             compatibility with enumitem package,
(french.ldf)             reported on input line 68.
Package french.ldf Info: Setting StandardEnumerateEnv=true for
(french.ldf)             compatibility with enumitem package,
(french.ldf)             reported on input line 68.
LaTeX Info: Redefining \up on input line 68.
\AtBeginShipoutBox=\box57

(/usr/local/texlive/2018/texmf-dist/tex/latex/oberdiek/pdflscape.sty
Package: pdflscape 2016/05/14 v0.11 Display of landscape pages in PDF (HO)

(/usr/local/texlive/2018/texmf-dist/tex/latex/graphics/lscape.sty
Package: lscape 2000/10/22 v3.01 Landscape Pages (DPC)
)
Package pdflscape Info: Auto-detected driver: dvipdfm (xetex) on input line 99.

)
Package hyperref Info: Link coloring OFF on input line 68.

(/usr/local/texlive/2018/texmf-dist/tex/latex/hyperref/nameref.sty
Package: nameref 2016/05/21 v2.44 Cross-referencing by name of section

(/usr/local/texlive/2018/texmf-dist/tex/generic/oberdiek/gettitlestring.sty
Package: gettitlestring 2016/05/16 v1.5 Cleanup title references (HO)
)
\c@section@level=\count442
)
LaTeX Info: Redefining \ref on input line 68.
LaTeX Info: Redefining \pageref on input line 68.
LaTeX Info: Redefining \nameref on input line 68.

(./memoire_main.out) (./memoire_main.out)
\@outlinefile=\write8
\openout8 = `memoire_main.out'.


*geometry* driver: auto-detecting
*geometry* detected driver: xetex
*geometry* verbose mode - [ preamble ] result:
* driver: xetex
* paper: a4paper
* layout: <same size as paper>
* layoutoffset:(h,v)=(0.0pt,0.0pt)
* modes: twoside 
* h-part:(L,W,R)=(71.13188pt, 455.24411pt, 71.13188pt)
* v-part:(T,H,B)=(71.13188pt, 702.78308pt, 71.13188pt)
* \paperwidth=597.50787pt
* \paperheight=845.04684pt
* \textwidth=455.24411pt
* \textheight=702.78308pt
* \oddsidemargin=-1.1381pt
* \evensidemargin=-1.1381pt
* \topmargin=-33.0119pt
* \headheight=12.0pt
* \headsep=19.8738pt
* \topskip=12.0pt
* \footskip=30.0pt
* \marginparwidth=88.0pt
* \marginparsep=7.0pt
* \columnsep=10.0pt
* \skip\footins=10.8pt plus 4.0pt minus 2.0pt
* \hoffset=0.0pt
* \voffset=0.0pt
* \mag=1000
* \@twocolumnfalse
* \@twosidetrue
* \@mparswitchtrue
* \@reversemarginfalse
* (1in=72.27pt=25.4mm, 1cm=28.453pt)

Package biblatex Info: XeTeX detected.
(biblatex)             Assuming input encoding 'utf8'.
Package biblatex Info: Automatic encoding selection.
(biblatex)             Assuming data encoding 'utf8'.
\openout7 = `memoire_main.bcf'.

Package biblatex Info: Trying to load bibliographic data...
Package biblatex Info: ... file 'memoire_main.bbl' found.
(./memoire_main.bbl)
Package biblatex Info: Reference section=0 on input line 68.
Package biblatex Info: Reference segment=0 on input line 68.
\openout2 = `front/titlepage.aux'.

 (./front/titlepage.tex [1

\openout3 = `memoire_main.ist'.




] [2

])
\openout2 = `front/abstract.aux'.

 (./front/abstract.tex
Underfull \hbox (badness 10000) in paragraph at lines 10--11

 []

[3



] [4


])
\openout2 = `front/thanks.aux'.

 (./front/thanks.tex) [5



] [6


] [7] [8

] [9]
Overfull \hbox (11.45435pt too wide) in paragraph at lines 80--80
\TU/lmr/m/n/12 ket, \TU/lmr/m/it/12 Jacques Delors Institut \TU/lmr/m/n/12 (, 
juil. 2017), p. 14, \TU/lmr/m/sc/12 url \TU/lmr/m/n/12 : []$[][][][][] [] [] []
 [][][] [] [][][][][][][][][][][][][][] []
 []


Overfull \hbox (136.57597pt too wide) in paragraph at lines 80--80
[][] [] [][][][] [] [][] [][] [][][][][][][] [] [][][][][][][] [] [][][][] [] [
][] [] [][][][][][][][][][][][][][][][][][][][][][][][][][][][][][][][][][][][]
[][][][][][][][][][][][][][][][][][][] [][]
 []


Overfull \hbox (8.96368pt too wide) in paragraph at lines 80--80
[][]\TU/lmr/m/n/12 Bernadette []Dufrne[], Madjid []Ihadjadene[], Denis []Bruck
mann[], []Universit Paris Ouest Nanterre
 []

[10] [11]
Overfull \hbox (18.91154pt too wide) in paragraph at lines 80--80
[][][]\TU/lmr/m/sc/12 Kim []\TU/lmr/m/n/12 (Dorothy), []\TU/lmr/m/sc/12 Russwor
m []\TU/lmr/m/n/12 (Treaandrea), []\TU/lmr/m/sc/12 Vaughan []\TU/lmr/m/n/12 (Co
rrigan), []\TU/lmr/m/sc/12 Adair []\TU/lmr/m/n/12 (Cassius), []\TU/lmr/m/sc/12 
Paredes
 []


Overfull \hbox (13.70438pt too wide) in paragraph at lines 80--80
[][]\TU/lmr/m/it/12 Numrisation\TU/lmr/m/n/12 , aot 2013, \TU/lmr/m/sc/12 url
 \TU/lmr/m/n/12 : []$[][][][][] [] [] [] [][][] [] [][][][][][] [] [][] [] [][]
 [][] [][][][][][][][][][][][] [] [][][][][][][][][][][][]$[]
 []


Overfull \hbox (24.10023pt too wide) in paragraph at lines 80--80
[][][][][][][][][] [][] [][][][][][][][][] [][] [][][][][] [][] [][][][][][][][
][] [][] [][][][][][][][][][][][][] [][] [][][][]$[] \TU/lmr/m/n/12 (visit le 
04/07/2019). 
 []


Overfull \hbox (10.26056pt too wide) in paragraph at lines 80--80
[][]\TU/lmr/m/it/12 Orphan Works DB\TU/lmr/m/n/12 , \TU/lmr/m/sc/12 url \TU/lmr
/m/n/12 : []$[][][][][] [] [] [] [][][][][] [] [][][][][][] [] [][] [] [][][][]
[][][][][][][][]$[] (visit le 16/07/2019). 
 []


Overfull \hbox (41.41275pt too wide) in paragraph at lines 80--80
[][]\TU/lmr/m/n/12 Henriette []Roued-Cunliffe []et Andrea []Copeland [](d.), \
TU/lmr/m/it/12 Participatory heritage\TU/lmr/m/n/12 , OCLC : ocn971483437,
 []

[12] [13] [14

]
Overfull \hbox (5.53574pt too wide) in paragraph at lines 81--81
[][][]\TU/lmr/m/sc/12 Jurik []\TU/lmr/m/n/12 (Bolette Ammitzbll), []\TU/lmr/m/
sc/12 Blekinge []\TU/lmr/m/n/12 (Asger Askov), []\TU/lmr/m/sc/12 Ferneke-Nielse
n []\TU/lmr/m/n/12 (Rune Bruun)
 []

[15]
Overfull \hbox (77.71706pt too wide) in paragraph at lines 81--81
\TU/lmr/m/n/12 tech., \TU/lmr/m/sc/12 url \TU/lmr/m/n/12 : []$[][][][][] [] [] 
[] [][][][][][][][][][][][][][] [] [][] [] [][][][] [] [][][][][][][][][][][][]
[][][][][][][][][][][][][][][][][][][][][][][][][][][][] []
 []


Overfull \hbox (5.79613pt too wide) in paragraph at lines 81--81
[][][] [] [][][][][][][][] [] [][][][] [] [][][][][][][] [] [][] [] [][][] [] [
][][][][][] [] [][] [] [][][][] [] [][][][][][][][][][][][] [] [][][][][][][][]
 []
 []

[16] [17] [18

]
Overfull \hbox (0.63629pt too wide) in paragraph at lines 82--82
[]\TU/lmr/m/sc/12 Chagnoux []\TU/lmr/m/n/12 (Marie), []\TU/lmr/m/sc/12 Ducros [
]\TU/lmr/m/n/12 (Jrmy), []\TU/lmr/m/sc/12 Fabre []\TU/lmr/m/n/12 (Chloe), []
\TU/lmr/m/sc/12 Fonio []\TU/lmr/m/n/12 (Filippo), []\TU/lmr/m/sc/12 Grandi
 []


Overfull \hbox (0.48738pt too wide) in paragraph at lines 82--82
[]\TU/lmr/m/n/12 (Elisa), []\TU/lmr/m/sc/12 Hautcur []\TU/lmr/m/n/12 (Pierre-C
yrille), \TU/lmr/m/it/12 et al.\TU/lmr/m/n/12 , \TU/lmr/m/it/12 Exprimenter le
s humanits numriques :
 []

[19] [20] [21

]
Overfull \hbox (6.12114pt too wide) in paragraph at lines 83--83
[][][]\TU/lmr/m/it/12 Innovation Park\TU/lmr/m/n/12 , en-US, \TU/lmr/m/sc/12 ur
l \TU/lmr/m/n/12 : []$[][][][][] [] [] [] [][][] [] [][][][] [][] [][][][][][][
][][][][][][][] [] [][] [] [][][][][][][][][] []
 []


Overfull \hbox (5.69336pt too wide) in paragraph at lines 83--83
[][][]\TU/lmr/m/it/12 Introduction  dhSegment documentation\TU/lmr/m/n/12 , \T
U/lmr/m/sc/12 url \TU/lmr/m/n/12 : []$[][][][][] [] [] [] [][][][][][][][][] []
 [][][][][][][][][][][] []
 []

[22]
Overfull \hbox (4.2525pt too wide) in paragraph at lines 83--83
[][][]\TU/lmr/m/sc/12 Hungaricana[]\TU/lmr/m/n/12 , \TU/lmr/m/it/12 Budapest Ti
me Machine\TU/lmr/m/n/12 , \TU/lmr/m/sc/12 url \TU/lmr/m/n/12 : []$[][][][][] [
] [] [] [][][][][][][][][][][] [] [][] [] [][] [] [][][][][][][][] [][]
 []


Overfull \hbox (6.56026pt too wide) in paragraph at lines 83--83
[][][][][][][] [][] [][][][][][] [] [][] [][] [][][][][] [][] [][][][][][][] []
[] [][][] [][] [][] [][] [][][][] [][] [][][][][][][]$[] \TU/lmr/m/n/12 (visit
 le 22/06/2019). 
 []


Overfull \hbox (5.89081pt too wide) in paragraph at lines 83--83
[][][]\TU/lmr/m/sc/12 Moriscl[]\TU/lmr/m/n/12 , \TU/lmr/m/it/12 FET Flagships\T
U/lmr/m/n/12 , en, Text, dc. 2013, \TU/lmr/m/sc/12 url \TU/lmr/m/n/12 : []$[][
][][][] [] [] [] [][] [] [][][][][][] [] [][] [] [][][][][][][][][][] []
 []

[23]
Overfull \hbox (3.3371pt too wide) in paragraph at lines 83--83
\TU/lmr/m/n/12 Sport, mai 2019, \TU/lmr/m/sc/12 url \TU/lmr/m/n/12 : []$[][][][
][] [] [] [] [][][] [] [][][] [] [][] [] [][][][] [] [][][][][][][][] [][] [][]
[][] [] [][][][][][][][][][][][] []
 []


Overfull \hbox (21.46852pt too wide) in paragraph at lines 83--83
[][][]\TU/lmr/m/sc/12 Time Machine[]\TU/lmr/m/n/12 , \TU/lmr/m/it/12 Diamond\TU
/lmr/m/n/12 , \TU/lmr/m/sc/12 url \TU/lmr/m/n/12 : []$[][][][][] [] [] [] [][][
][][][][] [] [][][][][][][][][][][] [] [][][]$[] (visit le 18/05/2019). 
 []

[24]
Overfull \hbox (10.99983pt too wide) in paragraph at lines 84--84
[][][]\TU/lmr/m/sc/12 Clavert []\TU/lmr/m/n/12 (Frdric) et []\TU/lmr/m/sc/12 
Noiret []\TU/lmr/m/n/12 (Serge), \TU/lmr/m/it/12 Lhistoire contemporaine  l
re numrique Contem-
 []


Overfull \hbox (7.15318pt too wide) in paragraph at lines 84--84
[][][]\TU/lmr/m/it/12 Understanding Copyright\TU/lmr/m/n/12 , en, \TU/lmr/m/sc/
12 url \TU/lmr/m/n/12 : []$[][][][][] [] [] [] [][][] [] [][] [] [][] [] [][][]
[][][][][] [] [][][][][][][][][][][][][] [][]
 []


Overfull \hbox (3.86534pt too wide) in paragraph at lines 84--84
[][][]\TU/lmr/m/it/12 Everything you need to publish in Europeana\TU/lmr/m/n/12
 , en-GB, \TU/lmr/m/sc/12 url \TU/lmr/m/n/12 : []$[][][][][] [] [] [] [][][] []
 [][][][][][][][][] []
 []


Overfull \hbox (29.28023pt too wide) in paragraph at lines 84--84
[][] [] [][][][][][][][] [] [][][][] [][] [][][][][][][][][][][] [][] [][][][][
][][][] [] [][][][][][][][] [][] [][][][][][][][]$[] \TU/lmr/m/n/12 (visit le 
24/07/2019). 
 []


Overfull \hbox (12.13652pt too wide) in paragraph at lines 84--84
[][]\TU/lmr/m/it/12 Europeana Bot (@EuropeanaBot) / Twitter\TU/lmr/m/n/12 , en,
 \TU/lmr/m/sc/12 url \TU/lmr/m/n/12 : []$[][][][][] [] [] [] [][][][][][][] [] 
[][][] [] [][][][][][][][][][][][]$[]
 []

[25

]
Overfull \hbox (28.52785pt too wide) in paragraph at lines 84--84
[][][]\TU/lmr/m/sc/12 HathiTrust Digital Library[]\TU/lmr/m/n/12 , \TU/lmr/m/it
/12 Charting HathiTrusts Strategic Directions | www.hathitrust...
 []


Overfull \hbox (10.62933pt too wide) in paragraph at lines 84--84
[][][]\TU/lmr/m/it/12 HTRC Analytics\TU/lmr/m/n/12 , \TU/lmr/m/sc/12 url \TU/lm
r/m/n/12 : []$[][][][][] [] [] [] [][][][][][][][][] [] [][][][][][][][][][] []
 [][][][]$[] (visit le 23/07/2019). 
 []


Overfull \hbox (3.47586pt too wide) in paragraph at lines 84--84
\TU/lmr/m/n/12 Billet, fvr. 2014, \TU/lmr/m/sc/12 url \TU/lmr/m/n/12 : []$[][]
[][][] [] [] [] [][][][][] [] [][][][][][][][][][] [] [][][] [] [][][]$[] (visi
t le 23/07/2019). 
 []

[26] [27] [28

]
Overfull \hbox (2.56403pt too wide) in paragraph at lines 85--85
[][]\TU/lmr/m/it/12 Citizen science\TU/lmr/m/n/12 , en, Page Version ID : 90657
9059, juil. 2019, \TU/lmr/m/sc/12 url \TU/lmr/m/n/12 : []$[][][][][] [] [] [] [
][] [] [][][][][][][][][] []
 []


Overfull \hbox (15.37227pt too wide) in paragraph at lines 85--85
[][][] [] [] [] [][][][][] [] [][][] [] [][][][][] [] [][][][][][][] [] [][][][
][][][] [] [][][][][] [] [][][][][][][][][]$[] \TU/lmr/m/n/12 (visit le 24/07/
2019). 
 []


Overfull \hbox (3.02428pt too wide) in paragraph at lines 85--85
[][][] [] [] [] [][][][][] [] [][][] [] [][][][][] [] [][][][] [] [][][][][][][
][] [] [][][][][] [] [][][][][][][][][]$[] \TU/lmr/m/n/12 (visit le 23/06/2019
). 
 []

[29]
Overfull \hbox (10.31717pt too wide) in paragraph at lines 85--85
\TU/lmr/m/sc/12 url \TU/lmr/m/n/12 : []$[][][][][] [] [] [] [][] [] [][][][][][
][][][] [] [][][] [] [] [] [][][][][] [] [][][] [] [][][][][] [] [][][][][][][]
[][][] [] [][][][][][][][][][][] []
 []

(./memoire_main.acr [30]) [31


] [32

]
\openout2 = `main/introduction.aux'.

 (./main/introduction.tex [1


] [2] [3]
[4]) [5]
\openout2 = `main/partie1.aux'.

 (./main/partie1.tex [6



] [7] [8]
Chapitre 1.

Underfull \vbox (badness 10000) has occurred while \output is active []

 [9

]
[10]
File: ./images/mundaneum.png Graphic file (type bmp)
<./images/mundaneum.png>
 [11] [12]
File: ./images/projet_gutenberg.png Graphic file (type bmp)
<./images/projet_gutenberg.png>

Overfull \hbox (6.85738pt too wide) in paragraph at lines 47--48
 [][] 
 []

[13]
File: ./images/premisse_image.png Graphic file (type bmp)
<./images/premisse_image.png>

Overfull \hbox (37.46658pt too wide) in paragraph at lines 58--59
[][]
 []

[14] [15]
File: ./images/perseus.png Graphic file (type bmp)
<./images/perseus.png>
 [16] [17] [18]
File: ./images/gallica.png Graphic file (type bmp)
<./images/gallica.png>
File: ./images/udl.png Graphic file (type bmp)
<./images/udl.png>
 [19] [20] [21]
File: ./images/unesco.png Graphic file (type bmp)
<./images/unesco.png>
 [22]
Overfull \hbox (0.94525pt too wide) in paragraph at lines 168--169
[]\TU/lmr/m/n/12 Pour couvrir les cots levs de la numrisation, des partenar
iats public-priv doivent
 []

[23] [24] [25] [26]
File: ./images/politiques_numerisation.png Graphic file (type bmp)
<./images/politiques_numerisation.png>

Overfull \hbox (19.5369pt too wide) in paragraph at lines 207--208
[][]
 []


Underfull \vbox (badness 10000) has occurred while \output is active []

 [27]
Overfull \vbox (45.86836pt too high) has occurred while \output is active []


[28]
Overfull \hbox (40.2839pt too wide) in paragraph at lines 221--245
 [][] 
 []

[29] [30

]
Chapitre 2.
[31] [32] [33] [34] [35]
Overfull \hbox (5.58124pt too wide) in paragraph at lines 342--345
[]\TU/lmr/m/n/12 [\TU/lmr/m/it/12 Traduction\TU/lmr/m/n/12 ] Bien entendu, chaq
ue organisation sera confronte  ses propres
 []

[36]
Underfull \vbox (badness 1028) has occurred while \output is active []

 [37]
[38] [39] [40] [41] [42]
File: ./images/qualite.png Graphic file (type bmp)
<./images/qualite.png>
 [43] [44] [45]
File: ./images/edm.png Graphic file (type bmp)
<./images/edm.png>
 [46] [47] [48] [49] [50] [51]
Overfull \hbox (29.56792pt too wide) in paragraph at lines 572--583
 [][] 
 []


Underfull \vbox (badness 10000) has occurred while \output is active []

 [52]
Overfull \vbox (49.28624pt too high) has occurred while \output is active []


[53] [54

]
Chapitre 3.
[55]
Underfull \vbox (badness 4531) has occurred while \output is active []

 [56]
[57]
Overfull \hbox (8.93127pt too wide) in paragraph at lines 623--623
[]\TU/lmr/bx/n/17.28 Le Laboratoire dhumanits numriques de lEPFL 
 []

[58] [59]
File: ./images/dhlab.png Graphic file (type bmp)
<./images/dhlab.png>
 [60] [61]
File: ./images/replica_scanner.jpg Graphic file (type bmp)
<./images/replica_scanner.jpg>
 [62]
File: ./images/TM_logo.png Graphic file (type bmp)
<./images/TM_logo.png>
 [63]
File: ./images/champ_info.png Graphic file (type bmp)
<./images/champ_info.png>

Overfull \hbox (28.45273pt too wide) in paragraph at lines 700--701
 [][] 
 []

[64] [65]
File: ./images/ScanVan.jpg Graphic file (type bmp)
<./images/ScanVan.jpg>
 [66] [67]
File: ./images/impresso.jpg Graphic file (type bmp)
<./images/impresso.jpg>
 [68] [69]
File: ./images/diamond.png Graphic file (type bmp)
<./images/diamond.png>
File: ./images/technos.jpeg Graphic file (type bmp)
<./images/technos.jpeg>

Overfull \hbox (29.39871pt too wide) in paragraph at lines 775--776
 [][] 
 []

[70] [71]
Underfull \hbox (badness 4492) in paragraph at lines 803--803
[][][]\TU/lmr/m/n/10 .[][][][]Amsterdam Time Machine[], \TU/lmr/m/it/10 Amsterd
am Time Machine\TU/lmr/m/n/10 , en-US, \TU/lmr/m/sc/10 url \TU/lmr/m/n/10 : []$
[][][][][] [] [] []
 []

File: ./images/data_tm.jpg Graphic file (type bmp)
<./images/data_tm.jpg>
[72]) [73]
\openout2 = `main/partie2.aux'.

 (./main/partie2.tex [74



] [75] [76]
Chapitre 4.
[77

] [78] [79]
File: ./images/googleb.png Graphic file (type bmp)
<./images/googleb.png>
 [80] [81]
Overfull \vbox (42.09068pt too high) has occurred while \output is active []


[82]
File: ./images/hathigoals.png Graphic file (type bmp)
<./images/hathigoals.png>
 [83] [84]
File: ./images/hathiface.png Graphic file (type bmp)
<./images/hathiface.png>
 [85]
Overfull \hbox (1.9079pt too wide) in paragraph at lines 103--114
 [][] 
 []


Underfull \vbox (badness 10000) has occurred while \output is active []

 [86]
[87]
File: ./images/europeana.png Graphic file (type bmp)
<./images/europeana.png>

Overfull \hbox (0.33995pt too wide) in paragraph at lines 136--138
[]\TU/lmr/m/n/12 [\TU/lmr/m/it/12 Traduction\TU/lmr/m/n/12 ] Si Europeana est u
n projet de numrisation de masse construit
 []

[88]
Underfull \hbox (badness 3919) in paragraph at lines 142--142
[][][]\TU/lmr/m/n/10 .[][][]Henriette []Roued-Cunliffe []et Andrea []Copeland [
](d.), \TU/lmr/m/it/10 Participatory heritage\TU/lmr/m/n/10 , OCLC :
 []


Overfull \hbox (0.28156pt too wide) in paragraph at lines 142--143
\TU/lmr/m/n/12 thmatiques de collections numrises[][][] ; une stratgie de c
ontenu ; un modle de mtadon-
 []


Overfull \hbox (11.65247pt too wide) in paragraph at lines 144--145
[]\TU/lmr/m/n/12 De nombreuses communauts sont impliques dans Europeana. Le p
rojet sest construit
 []

[89] [90]
File: ./images/europeanapro.png Graphic file (type bmp)
<./images/europeanapro.png>

Overfull \hbox (2.33398pt too wide) in paragraph at lines 160--161
[]\TU/lmr/m/n/12 Malgr son ancrage europen, Europeana est embranche dans un 
cosystme Google,
 []

[91] [92]
Overfull \hbox (16.11592pt too wide) in paragraph at lines 167--178
 [][] 
 []


Overfull \vbox (15.64825pt too high) has occurred while \output is active []


[93]
File: ./images/dpla.png Graphic file (type bmp)
<./images/dpla.png>
 [94]
File: ./images/dplapro.png Graphic file (type bmp)
<./images/dplapro.png>

Underfull \vbox (badness 2799) has occurred while \output is active []

 [95]
[96]
Overfull \hbox (52.73993pt too wide) in paragraph at lines 214--224
 [][][] 
 []

[97] [98

]
Chapitre 5.
[99] [100]) [101]
\openout2 = `main/partie3.aux'.

 (./main/partie3.tex [102



] [103] [104]
Chapitre 6.
[105

]
File: ./images/pillar_org.png Graphic file (type bmp)
<./images/pillar_org.png>
 [106]
Underfull \vbox (badness 10000) has occurred while \output is active []

 [107]
[108] [109]
File: ./images/ltm.jpg Graphic file (type bmp)
<./images/ltm.jpg>

Overfull \vbox (12.04663pt too high) has occurred while \output is active []


[110] [111]
File: ./images/tmo.jpeg Graphic file (type bmp)
<./images/tmo.jpeg>


LaTeX Warning: Float too large for page by 60.04199pt on input line 126.

[112] [113] [114

]
Chapitre 7.
[115]
Underfull \vbox (badness 2343) has occurred while \output is active []

 [116]
[117]
Underfull \vbox (badness 4229) has occurred while \output is active []

 [118]
[119]
Overfull \hbox (19.23592pt too wide) in paragraph at lines 219--230
 [][] 
 []

[120]
Chapitre 8.
[121

]
File: ./images/simulation.jpg Graphic file (type bmp)
<./images/simulation.jpg>
 [122] [123] [124

]
Chapitre 9.
[125] [126]
Underfull \vbox (badness 1917) has occurred while \output is active []

 [127]
[128] [129] [130] [131]
Overfull \hbox (42.56392pt too wide) in paragraph at lines 377--385
 [][] 
 []

[132]
Chapitre 10.

Underfull \vbox (badness 10000) has occurred while \output is active []

 [133

]
Underfull \vbox (badness 10000) has occurred while \output is active []

 [134]
[135]) [136]
\openout2 = `main/conclusion.aux'.

 (./main/conclusion.tex [137



] [138]
Underfull \vbox (badness 1264) has occurred while \output is active []

 [139]
Underfull \vbox (badness 1264) has occurred while \output is active []

 [140]
Underfull \vbox (badness 1264) has occurred while \output is active []

 [141])
[142] [143


] [144]
Annexe A.
File: annexe/premisse_image.pdf Graphic file (type pdf)
<use annexe/premisse_image.pdf>
File: annexe/premisse_image.pdf Graphic file (type pdf)
<use annexe/premisse_image.pdf>
File: annexe/premisse_image.pdf Graphic file (type pdf)
<use annexe/premisse_image.pdf, page 1>
File: annexe/premisse_image.pdf Graphic file (type pdf)
<use annexe/premisse_image.pdf, page 1>
[145

]
File: annexe/premisse_image.pdf Graphic file (type pdf)
<use annexe/premisse_image.pdf, page 1>
File: annexe/premisse_image.pdf Graphic file (type pdf)
<use annexe/premisse_image.pdf, page 1>
File: annexe/premisse_image.pdf Graphic file (type pdf)
<use annexe/premisse_image.pdf, page 1>
 [146]
File: annexe/premisse_texte.pdf Graphic file (type pdf)
<use annexe/premisse_texte.pdf>
File: annexe/premisse_texte.pdf Graphic file (type pdf)
<use annexe/premisse_texte.pdf>
File: annexe/premisse_texte.pdf Graphic file (type pdf)
<use annexe/premisse_texte.pdf, page 2>
File: annexe/premisse_texte.pdf Graphic file (type pdf)
<use annexe/premisse_texte.pdf, page 2>
File: annexe/premisse_texte.pdf Graphic file (type pdf)
<use annexe/premisse_texte.pdf, page 2>
File: annexe/premisse_texte.pdf Graphic file (type pdf)
<use annexe/premisse_texte.pdf, page 2>
File: annexe/premisse_texte.pdf Graphic file (type pdf)
<use annexe/premisse_texte.pdf, page 2>
 [147]
File: annexe/premisse_texte.pdf Graphic file (type pdf)
<use annexe/premisse_texte.pdf, page 3>
File: annexe/premisse_texte.pdf Graphic file (type pdf)
<use annexe/premisse_texte.pdf, page 3>
File: annexe/premisse_texte.pdf Graphic file (type pdf)
<use annexe/premisse_texte.pdf, page 3>
 [148]
Annexe B.
File: annexe/factsheet.pdf Graphic file (type pdf)
<use annexe/factsheet.pdf>
File: annexe/factsheet.pdf Graphic file (type pdf)
<use annexe/factsheet.pdf>
File: annexe/factsheet.pdf Graphic file (type pdf)
<use annexe/factsheet.pdf>
File: annexe/factsheet.pdf Graphic file (type pdf)
<use annexe/factsheet.pdf, page 1>
File: annexe/factsheet.pdf Graphic file (type pdf)
<use annexe/factsheet.pdf, page 1>
[149

]
File: annexe/factsheet.pdf Graphic file (type pdf)
<use annexe/factsheet.pdf, page 1>
File: annexe/factsheet.pdf Graphic file (type pdf)
<use annexe/factsheet.pdf, page 1>
File: annexe/factsheet.pdf Graphic file (type pdf)
<use annexe/factsheet.pdf, page 1>
 [150]
File: annexe/factsheet.pdf Graphic file (type pdf)
<use annexe/factsheet.pdf, page 2>
File: annexe/factsheet.pdf Graphic file (type pdf)
<use annexe/factsheet.pdf, page 2>
File: annexe/factsheet.pdf Graphic file (type pdf)
<use annexe/factsheet.pdf, page 2>
 [151] [152

] (./memoire_main.gls [153


] [154]
Overfull \hbox (3.98392pt too wide) in paragraph at lines 85--89
[]\TU/lmr/m/n/12 La reconnaissance dentits nommes est une sous-
 []


Overfull \hbox (2.14925pt too wide) in paragraph at lines 85--89
\TU/lmr/m/n/12 tche de lactivit dextraction dinformations dans des corpus 
documentaires, consis-
 []


Overfull \hbox (0.18655pt too wide) in paragraph at lines 89--91
\TU/lmr/m/n/12 ocrisation, dsigne les procds informatiques pour la traducti
on dimages, de textes
 []


Overfull \hbox (0.8359pt too wide) in paragraph at lines 100--101
[]\TU/lmr/m/n/12 Domaine multidisciplinaire impliquant
 []

[155]) [156] (./memoire_main.lof [157

])
\tf@lof=\write9
\openout9 = `memoire_main.lof'.

 [158] (./memoire_main.lot)
\tf@lot=\write10
\openout10 = `memoire_main.lot'.

 [159

]
[160

] (./memoire_main.toc [161] [162])
\tf@toc=\write11
\openout11 = `memoire_main.toc'.

Package atveryend Info: Empty hook `BeforeClearDocument' on input line 115.
 [163
runsystem(makeindex -s memoire_main.ist -t memoire_main.glg -o memoire_main.gls
 memoire_main.glo)...executed safely (allowed).

runsystem(makeindex -s memoire_main.ist -t memoire_main.alg -o memoire_main.acr
 memoire_main.acn)...executed safely (allowed).

]
Package atveryend Info: Empty hook `AfterLastShipout' on input line 115.
 (./memoire_main.aux
(./front/titlepage.aux) (./front/abstract.aux) (./front/thanks.aux)
(./main/introduction.aux) (./main/partie1.aux) (./main/partie2.aux)
(./main/partie3.aux) (./main/conclusion.aux))
Package atveryend Info: Empty hook `AtVeryEndDocument' on input line 115.
Package atveryend Info: Executing hook `AtEndAfterFileList' on input line 115.
Package rerunfilecheck Info: File `memoire_main.out' has not changed.
(rerunfilecheck)             Checksum: 6E7A98CCDD42D8ACF353B1D79282008A.
Package logreq Info: Writing requests to 'memoire_main.run.xml'.
\openout1 = `memoire_main.run.xml'.

Package atveryend Info: Empty hook `AtVeryVeryEnd' on input line 115.
 ) 
Here is how much of TeX's memory you used:
 37453 strings out of 492970
 716292 string characters out of 6133938
 1389002 words of memory out of 5000000
 40965 multiletter control sequences out of 15000+600000
 534720 words of font info for 65 fonts, out of 8000000 for 9000
 1348 hyphenation exceptions out of 8191
 56i,18n,69p,10429b,6095s stack positions out of 5000i,500n,10000p,200000b,80000s

Output written on memoire_main.pdf (195 pages).
