\BOOKMARK [0][-]{chapter*.1}{\376\377\000R\000\351\000s\000u\000m\000\351}{}% 1
\BOOKMARK [0][-]{chapter*.2}{\376\377\000R\000e\000m\000e\000r\000c\000i\000e\000m\000e\000n\000t\000s}{}% 2
\BOOKMARK [0][-]{chapter*.3}{\376\377\000B\000i\000b\000l\000i\000o\000g\000r\000a\000p\000h\000i\000e}{}% 3
\BOOKMARK [0][-]{section*.10}{\376\377\000A\000c\000r\000o\000n\000y\000m\000e\000s}{}% 4
\BOOKMARK [-1][-]{part*.12}{\376\377\000I\000n\000t\000r\000o\000d\000u\000c\000t\000i\000o\000n}{}% 5
\BOOKMARK [-1][-]{part.1}{\376\377\000I\000\040\000D\000e\000\040\000l\000a\000\040\000n\000u\000m\000\351\000r\000i\000s\000a\000t\000i\000o\000n\000\040\000\340\000\040\000l\000a\000\040\000n\000u\000m\000\351\000r\000i\000s\000a\000t\000i\000o\000n\000\040\000d\000e\000\040\000m\000a\000s\000s\000e}{}% 6
\BOOKMARK [0][-]{chapter.1}{\376\377\000H\000i\000s\000t\000o\000r\000i\000q\000u\000e\000\040\000d\000e\000\040\000l\000a\000\040\000n\000u\000m\000\351\000r\000i\000s\000a\000t\000i\000o\000n}{part.1}% 7
\BOOKMARK [1][-]{section.1.1}{\376\377\0001\0008\0000\0000\000-\0001\0009\0009\0000\000\040\000:\000\040\000P\000r\000\351\000m\000i\000s\000s\000e\000s\000\040\000d\000e\000s\000\040\000p\000r\000o\000j\000e\000t\000s\000\040\000d\000e\000\040\000n\000u\000m\000\351\000r\000i\000s\000a\000t\000i\000o\000n}{chapter.1}% 8
\BOOKMARK [1][-]{section.1.2}{\376\377\0001\0009\0009\0000\000-\0002\0000\0000\0000\000\040\000:\000\040\000P\000a\000s\000s\000a\000g\000e\000\040\000\340\000\040\000l\000'\000\351\000c\000h\000e\000l\000l\000e}{chapter.1}% 9
\BOOKMARK [1][-]{section.1.3}{\376\377\000P\000o\000l\000i\000t\000i\000q\000u\000e\000s\000\040\000e\000t\000\040\000n\000u\000m\000\351\000r\000i\000s\000a\000t\000i\000o\000n}{chapter.1}% 10
\BOOKMARK [1][-]{section.1.4}{\376\377\000L\000e\000\347\000o\000n\000s\000\040\000d\000'\000h\000i\000s\000t\000o\000i\000r\000e\000\040\000p\000o\000u\000r\000\040\000T\000i\000m\000e\000\040\000M\000a\000c\000h\000i\000n\000e}{chapter.1}% 11
\BOOKMARK [0][-]{chapter.2}{\376\377\000C\000o\000m\000m\000e\000n\000t\000\040\000n\000u\000m\000\351\000r\000i\000s\000e\000r\000\040\000e\000n\000\040\000m\000a\000s\000s\000e}{part.1}% 12
\BOOKMARK [1][-]{section.2.1}{\376\377\000C\000a\000r\000a\000c\000t\000\351\000r\000i\000s\000t\000i\000q\000u\000e\000s\000\040\000d\000e\000s\000\040\000p\000r\000o\000j\000e\000t\000s}{chapter.2}% 13
\BOOKMARK [1][-]{section.2.2}{\376\377\000E\000n\000j\000e\000u\000x\000\040\000d\000e\000s\000\040\000p\000r\000o\000j\000e\000t\000s}{chapter.2}% 14
\BOOKMARK [2][-]{subsection.2.2.1}{\376\377\000A\000m\000e\000n\000e\000r\000\040\000d\000i\000f\000f\000\351\000r\000e\000n\000t\000s\000\040\000a\000c\000t\000e\000u\000r\000s\000\040\000\340\000\040\000c\000o\000l\000l\000a\000b\000o\000r\000e\000r\000\040}{section.2.2}% 15
\BOOKMARK [2][-]{subsection.2.2.2}{\376\377\000F\000i\000n\000a\000n\000c\000e\000m\000e\000n\000t\000\040\000e\000t\000\040\000p\000a\000r\000t\000e\000n\000a\000r\000i\000a\000t\000s\000\040\000p\000u\000b\000l\000i\000c\000-\000p\000r\000i\000v\000\351}{section.2.2}% 16
\BOOKMARK [2][-]{subsection.2.2.3}{\376\377\000D\000r\000o\000i\000t\000\040\000d\000'\000a\000u\000t\000e\000u\000r}{section.2.2}% 17
\BOOKMARK [2][-]{subsection.2.2.4}{\376\377\000S\000o\000r\000t\000i\000r\000\040\000d\000e\000s\000\040\000s\000i\000l\000o\000s\000\040\000-\000\040\000l\000a\000\040\000q\000u\000\352\000t\000e\000\040\000d\000e\000\040\000l\000'\000i\000n\000t\000e\000r\000o\000p\000\351\000r\000a\000b\000i\000l\000i\000t\000\351}{section.2.2}% 18
\BOOKMARK [2][-]{subsection.2.2.5}{\376\377\000S\000t\000o\000c\000k\000a\000g\000e\000\040\000s\000u\000r\000\040\000l\000e\000\040\000l\000o\000n\000g\000-\000t\000e\000r\000m\000e\000\040\000-\000\040\000p\000r\000\351\000s\000e\000r\000v\000a\000t\000i\000o\000n}{section.2.2}% 19
\BOOKMARK [2][-]{subsection.2.2.6}{\376\377\000R\000\351\000s\000u\000m\000\351\000\040\000d\000e\000s\000\040\000e\000n\000j\000e\000u\000x\000\040\000d\000e\000\040\000l\000a\000\040\000n\000u\000m\000\351\000r\000i\000s\000a\000t\000i\000o\000n}{section.2.2}% 20
\BOOKMARK [0][-]{chapter.3}{\376\377\000C\000o\000n\000t\000e\000x\000t\000e\000\040\000d\000u\000\040\000p\000r\000o\000j\000e\000t\000\040\000T\000i\000m\000e\000\040\000M\000a\000c\000h\000i\000n\000e}{part.1}% 21
\BOOKMARK [1][-]{section.3.1}{\376\377\000L\000a\000\040\000r\000e\000c\000h\000e\000r\000c\000h\000e\000\040\000e\000n\000\040\000h\000u\000m\000a\000n\000i\000t\000\351\000s\000\040\000n\000u\000m\000\351\000r\000i\000q\000u\000e\000s}{chapter.3}% 22
\BOOKMARK [1][-]{section.3.2}{\376\377\000L\000e\000\040\000L\000a\000b\000o\000r\000a\000t\000o\000i\000r\000e\000\040\000d\000'\000h\000u\000m\000a\000n\000i\000t\000\351\000s\000\040\000n\000u\000m\000\351\000r\000i\000q\000u\000e\000s\000\040\000d\000e\000\040\000l\000'\000E\000P\000F\000L}{chapter.3}% 23
\BOOKMARK [1][-]{section.3.3}{\376\377\000V\000e\000n\000i\000c\000e\000\040\000T\000i\000m\000e\000\040\000M\000a\000c\000h\000i\000n\000e}{chapter.3}% 24
\BOOKMARK [2][-]{subsection.3.3.1}{\376\377\000D\000\351\000v\000e\000l\000o\000p\000p\000e\000m\000e\000n\000t\000s\000\040\000t\000e\000c\000h\000n\000o\000l\000o\000g\000i\000q\000u\000e\000s}{section.3.3}% 25
\BOOKMARK [1][-]{section.3.4}{\376\377\000L\000e\000\040\000p\000r\000o\000j\000e\000t\000\040\000T\000i\000m\000e\000\040\000M\000a\000c\000h\000i\000n\000e}{chapter.3}% 26
\BOOKMARK [2][-]{subsection.3.4.1}{\376\377\000F\000E\000T\000\040\000F\000l\000a\000g\000s\000h\000i\000p\000s\000\040\000o\000u\000\040\000l\000a\000\040\000r\000e\000c\000h\000e\000r\000c\000h\000e\000\040\000d\000e\000\040\000f\000i\000n\000a\000n\000c\000e\000m\000e\000n\000t}{section.3.4}% 27
\BOOKMARK [2][-]{subsection.3.4.2}{\376\377\000T\000i\000m\000e\000\040\000M\000a\000c\000h\000i\000n\000e\000,\000\040\000q\000u\000e\000l\000s\000\040\000o\000b\000j\000e\000c\000t\000i\000f\000s\000\040\000?}{section.3.4}% 28
\BOOKMARK [2][-]{subsection.3.4.3}{\376\377\000Q\000u\000e\000l\000l\000e\000\050\000s\000\051\000\040\000m\000\351\000t\000h\000o\000d\000e\000\050\000s\000\051\000\040\000p\000o\000u\000r\000\040\000T\000i\000m\000e\000\040\000M\000a\000c\000h\000i\000n\000e\000\040\000?}{section.3.4}% 29
\BOOKMARK [2][-]{subsection.3.4.4}{\376\377\000C\000o\000l\000l\000a\000b\000o\000r\000a\000t\000i\000o\000n\000\040\000p\000u\000b\000l\000i\000c\000-\000p\000r\000i\000v\000\351\000\040\000d\000e\000\040\000p\000a\000r\000t\000e\000n\000a\000i\000r\000e\000s\000\040\000e\000u\000r\000o\000p\000\351\000e\000n\000s}{section.3.4}% 30
\BOOKMARK [2][-]{subsection.3.4.5}{\376\377\000U\000n\000\040\000r\000\351\000s\000e\000a\000u\000\040\000d\000e\000\040\000T\000i\000m\000e\000\040\000M\000a\000c\000h\000i\000n\000e\000s\000\040\000l\000o\000c\000a\000l\000e\000s}{section.3.4}% 31
\BOOKMARK [-1][-]{part.2}{\376\377\000I\000I\000\040\000E\000x\000e\000m\000p\000l\000e\000s\000\040\000d\000e\000\040\000p\000r\000o\000j\000e\000t\000s\000\040\000d\000e\000\040\000n\000u\000m\000\351\000r\000i\000s\000a\000t\000i\000o\000n\000\040\000d\000e\000\040\000m\000a\000s\000s\000e\000\040}{}% 32
\BOOKMARK [0][-]{chapter.4}{\376\377\000D\000i\000f\000f\000\351\000r\000e\000n\000t\000e\000s\000\040\000t\000y\000p\000o\000l\000o\000g\000i\000e\000s\000\040\000d\000e\000\040\000p\000r\000o\000j\000e\000t\000s}{part.2}% 33
\BOOKMARK [1][-]{section.4.1}{\376\377\000R\000a\000s\000s\000e\000m\000b\000l\000e\000r\000\040\000u\000n\000e\000\040\000m\000a\000s\000s\000e\000\040\000d\000e\000\040\000d\000o\000n\000n\000\351\000e\000s\000\040\000n\000u\000m\000\351\000r\000i\000s\000\351\000e\000s}{chapter.4}% 34
\BOOKMARK [2][-]{subsection.4.1.1}{\376\377\000G\000o\000o\000g\000l\000e\000\040\000B\000o\000o\000k\000s}{section.4.1}% 35
\BOOKMARK [2][-]{subsection.4.1.2}{\376\377\000H\000a\000t\000h\000i\000T\000r\000u\000s\000t}{section.4.1}% 36
\BOOKMARK [1][-]{section.4.2}{\376\377\000A\000g\000r\000\351\000g\000e\000r\000\040\000p\000o\000u\000r\000\040\000m\000i\000e\000u\000x\000\040\000v\000a\000l\000o\000r\000i\000s\000e\000r}{chapter.4}% 37
\BOOKMARK [2][-]{subsection.4.2.1}{\376\377\000E\000u\000r\000o\000p\000e\000a\000n\000a}{section.4.2}% 38
\BOOKMARK [2][-]{subsection.4.2.2}{\376\377\000D\000i\000g\000i\000t\000a\000l\000\040\000P\000u\000b\000l\000i\000c\000\040\000L\000i\000b\000r\000a\000r\000y\000\040\000o\000f\000\040\000A\000m\000e\000r\000i\000c\000a}{section.4.2}% 39
\BOOKMARK [0][-]{chapter.5}{\376\377\000C\000o\000m\000m\000e\000n\000t\000\040\000c\000a\000t\000\351\000g\000o\000r\000i\000s\000e\000r\000\040\000?}{part.2}% 40
\BOOKMARK [-1][-]{part.3}{\376\377\000I\000I\000I\000\040\000U\000n\000e\000\040\000n\000o\000u\000v\000e\000l\000l\000e\000\040\000v\000o\000i\000e\000\040\000\340\000\040\000d\000\351\000f\000i\000n\000i\000r\000\040\000p\000o\000u\000r\000\040\000T\000i\000m\000e\000\040\000M\000a\000c\000h\000i\000n\000e}{}% 41
\BOOKMARK [0][-]{chapter.6}{\376\377\000S\000t\000a\000g\000i\000a\000i\000r\000e\000\040\000a\000u\000\040\000s\000e\000i\000n\000\040\000d\000u\000\040\000p\000r\000o\000j\000e\000t\000\040\000T\000i\000m\000e\000\040\000M\000a\000c\000h\000i\000n\000e}{part.3}% 42
\BOOKMARK [1][-]{section.6.1}{\376\377\000\311\000t\000a\000t\000\040\000d\000e\000s\000\040\000l\000i\000e\000u\000x\000\040\000a\000v\000a\000n\000t\000\040\000l\000e\000\040\000c\000o\000m\000m\000e\000n\000c\000e\000m\000e\000n\000t\000\040\000d\000u\000\040\000s\000t\000a\000g\000e}{chapter.6}% 43
\BOOKMARK [1][-]{section.6.2}{\376\377\000D\000\351\000r\000o\000u\000l\000e\000m\000e\000n\000t\000\040\000d\000u\000\040\000s\000t\000a\000g\000e}{chapter.6}% 44
\BOOKMARK [1][-]{section.6.3}{\376\377\000R\000\351\000d\000a\000c\000t\000i\000o\000n\000\040\000d\000e\000\040\000l\000a\000\040\000f\000e\000u\000i\000l\000l\000e\000\040\000d\000e\000\040\000r\000o\000u\000t\000e}{chapter.6}% 45
\BOOKMARK [0][-]{chapter.7}{\376\377\000Q\000u\000e\000l\000l\000e\000s\000\040\000r\000\351\000p\000o\000n\000s\000e\000s\000\040\000a\000u\000x\000\040\000e\000n\000j\000e\000u\000x\000\040\000d\000e\000\040\000l\000a\000\040\000n\000u\000m\000\351\000r\000i\000s\000a\000t\000i\000o\000n\000\040\000?}{part.3}% 46
\BOOKMARK [1][-]{section.7.1}{\376\377\000A\000m\000e\000n\000e\000r\000\040\000d\000i\000f\000f\000\351\000r\000e\000n\000t\000s\000\040\000a\000c\000t\000e\000u\000r\000s\000\040\000\340\000\040\000c\000o\000l\000l\000a\000b\000o\000r\000e\000r}{chapter.7}% 47
\BOOKMARK [2][-]{subsection.7.1.1}{\376\377\000C\000o\000m\000p\000l\000\351\000m\000e\000n\000t\000\040\000a\000u\000x\000\040\000p\000r\000o\000p\000o\000s\000i\000t\000i\000o\000n\000s\000\040\000d\000e\000\040\000l\000a\000\040\000f\000e\000u\000i\000l\000l\000e\000\040\000d\000e\000\040\000r\000o\000u\000t\000e\000\040\000:}{section.7.1}% 48
\BOOKMARK [1][-]{section.7.2}{\376\377\000F\000i\000n\000a\000n\000c\000e\000m\000e\000n\000t\000\040\000e\000t\000\040\000p\000a\000r\000t\000e\000n\000a\000r\000i\000a\000t\000s\000\040\000p\000u\000b\000l\000i\000c\000-\000p\000r\000i\000v\000\351}{chapter.7}% 49
\BOOKMARK [1][-]{section.7.3}{\376\377\000D\000r\000o\000i\000t\000\040\000d\000'\000a\000u\000t\000e\000u\000r}{chapter.7}% 50
\BOOKMARK [2][-]{subsection.7.3.1}{\376\377\000C\000o\000m\000p\000l\000\351\000m\000e\000n\000t\000\040\000a\000u\000x\000\040\000p\000r\000o\000p\000o\000s\000i\000t\000i\000o\000n\000s\000\040\000d\000e\000\040\000l\000a\000\040\000f\000e\000u\000i\000l\000l\000e\000\040\000d\000e\000\040\000r\000o\000u\000t\000e\000\040\000:}{section.7.3}% 51
\BOOKMARK [1][-]{section.7.4}{\376\377\000S\000o\000r\000t\000i\000r\000\040\000d\000e\000s\000\040\000s\000i\000l\000o\000s\000\040\000:\000\040\000e\000n\000j\000e\000u\000x\000\040\000t\000e\000c\000h\000n\000i\000q\000u\000e\000s}{chapter.7}% 52
\BOOKMARK [2][-]{subsection.7.4.1}{\376\377\000C\000o\000m\000p\000l\000\351\000m\000e\000n\000t\000\040\000a\000u\000x\000\040\000p\000r\000o\000p\000o\000s\000i\000t\000i\000o\000n\000s\000\040\000d\000e\000\040\000l\000a\000\040\000f\000e\000u\000i\000l\000l\000e\000\040\000d\000e\000\040\000r\000o\000u\000t\000e\000\040\000:}{section.7.4}% 53
\BOOKMARK [1][-]{section.7.5}{\376\377\000S\000o\000r\000t\000i\000r\000\040\000d\000e\000s\000\040\000s\000i\000l\000o\000s\000\040\000:\000\040\000e\000n\000j\000e\000u\000x\000\040\000s\000u\000r\000\040\000l\000e\000\040\000c\000o\000n\000t\000e\000n\000u}{chapter.7}% 54
\BOOKMARK [2][-]{subsection.7.5.1}{\376\377\000C\000o\000m\000p\000l\000\351\000m\000e\000n\000t\000\040\000a\000u\000x\000\040\000p\000r\000o\000p\000o\000s\000i\000t\000i\000o\000n\000s\000\040\000d\000e\000\040\000l\000a\000\040\000f\000e\000u\000i\000l\000l\000e\000\040\000d\000e\000\040\000r\000o\000u\000t\000e\000\040\000:}{section.7.5}% 55
\BOOKMARK [1][-]{section.7.6}{\376\377\000S\000t\000o\000c\000k\000a\000g\000e\000\040\000s\000u\000r\000\040\000l\000e\000\040\000l\000o\000n\000g\000-\000t\000e\000r\000m\000e\000\040\000-\000\040\000p\000r\000\351\000s\000e\000r\000v\000a\000t\000i\000o\000n}{chapter.7}% 56
\BOOKMARK [1][-]{section.7.7}{\376\377\000R\000\351\000s\000u\000m\000\351\000\040\000d\000e\000s\000\040\000r\000\351\000p\000o\000n\000s\000e\000s\000\040\000d\000e\000\040\000T\000i\000m\000e\000\040\000M\000a\000c\000h\000i\000n\000e\000\040\000a\000u\000x\000\040\000e\000n\000j\000e\000u\000x\000\040\000d\000e\000\040\000l\000a\000\040\000n\000u\000m\000\351\000r\000i\000s\000a\000t\000i\000o\000n}{chapter.7}% 57
\BOOKMARK [0][-]{chapter.8}{\376\377\000L\000e\000s\000\040\000i\000n\000n\000o\000v\000a\000t\000i\000o\000n\000s\000\040\000d\000u\000\040\000p\000r\000o\000j\000e\000t}{part.3}% 58
\BOOKMARK [1][-]{section.8.1}{\376\377\000M\000\351\000l\000a\000n\000g\000e\000r\000\040\000l\000e\000s\000\040\000a\000c\000t\000e\000u\000r\000s}{chapter.8}% 59
\BOOKMARK [1][-]{section.8.2}{\376\377\000I\000n\000n\000o\000v\000a\000t\000i\000o\000n\000s\000\040\000t\000e\000c\000h\000n\000o\000l\000o\000g\000i\000q\000u\000e\000s\000\040}{chapter.8}% 60
\BOOKMARK [0][-]{chapter.9}{\376\377\000R\000i\000s\000q\000u\000e\000s\000\040\000e\000t\000\040\000o\000p\000p\000o\000r\000t\000u\000n\000i\000t\000\351\000s}{part.3}% 61
\BOOKMARK [1][-]{section.9.1}{\376\377\000P\000l\000a\000t\000e\000f\000o\000r\000m\000e\000,\000\040\000u\000s\000a\000g\000e\000s\000\040\000e\000t\000\040\000a\000c\000c\000e\000s\000s\000i\000b\000i\000l\000i\000t\000\351}{chapter.9}% 62
\BOOKMARK [2][-]{subsection.9.1.1}{\376\377\000F\000r\000a\000n\000c\000h\000i\000r\000\040\000l\000e\000s\000\040\000b\000a\000r\000r\000i\000\350\000r\000e\000s\000\040\000t\000e\000r\000r\000i\000t\000o\000r\000i\000a\000l\000e\000s}{section.9.1}% 63
\BOOKMARK [2][-]{subsection.9.1.2}{\376\377\000\312\000t\000r\000e\000\040\000m\000o\000b\000i\000l\000e}{section.9.1}% 64
\BOOKMARK [2][-]{subsection.9.1.3}{\376\377\000F\000a\000v\000o\000r\000i\000s\000e\000r\000\040\000l\000a\000\040\000c\000o\000c\000r\000\351\000a\000t\000i\000o\000n}{section.9.1}% 65
\BOOKMARK [2][-]{subsection.9.1.4}{\376\377\000M\000o\000t\000e\000u\000r\000\040\000d\000e\000\040\000r\000e\000c\000h\000e\000r\000c\000h\000e\000\040\000o\000u\000\040\000p\000l\000a\000t\000e\000f\000o\000r\000m\000e\000\040\000d\000e\000\040\000d\000\351\000c\000o\000u\000v\000e\000r\000t\000e\000\040\000?}{section.9.1}% 66
\BOOKMARK [1][-]{section.9.2}{\376\377\000C\000r\000o\000w\000d\000s\000o\000u\000r\000c\000i\000n\000g\000\040\000e\000t\000\040\000s\000c\000i\000e\000n\000c\000e\000s\000\040\000c\000i\000t\000o\000y\000e\000n\000n\000e\000s}{chapter.9}% 67
\BOOKMARK [1][-]{section.9.3}{\376\377\000P\000o\000u\000r\000\040\000u\000n\000\040\000s\000a\000v\000o\000i\000r\000\040\000c\000o\000h\000\351\000r\000e\000n\000t\000,\000\040\000\351\000g\000a\000l\000i\000t\000a\000i\000r\000e\000\040\000e\000t\000\040\000\351\000t\000h\000i\000q\000u\000e}{chapter.9}% 68
\BOOKMARK [1][-]{section.9.4}{\376\377\000R\000\351\000s\000u\000m\000\351\000\040\000d\000e\000s\000\040\000r\000i\000s\000q\000u\000e\000s\000\040\000e\000t\000\040\000o\000p\000p\000o\000r\000t\000u\000n\000i\000t\000\351\000s\000\040\000p\000o\000u\000r\000\040\000T\000i\000m\000e\000\040\000M\000a\000c\000h\000i\000n\000e}{chapter.9}% 69
\BOOKMARK [0][-]{chapter.10}{\376\377\000P\000o\000u\000r\000q\000u\000o\000i\000\040\000n\000u\000m\000\351\000r\000i\000s\000e\000r\000\040\000e\000n\000\040\000m\000a\000s\000s\000e\000\040\000?\000\040}{part.3}% 70
\BOOKMARK [1][-]{section.10.1}{\376\377\000I\000n\000f\000l\000u\000e\000n\000c\000e\000\040\000d\000e\000\040\000m\000a\000s\000s\000e}{chapter.10}% 71
\BOOKMARK [1][-]{section.10.2}{\376\377\000V\000e\000r\000s\000\040\000l\000a\000\040\000c\000r\000\351\000a\000t\000i\000o\000n\000\040\000d\000'\000u\000n\000\040\000n\000o\000u\000v\000e\000l\000\040\000a\000c\000t\000e\000u\000r\000\040\000d\000e\000\040\000l\000'\000i\000n\000f\000o\000r\000m\000a\000t\000i\000o\000n}{chapter.10}% 72
\BOOKMARK [-1][-]{part*.15}{\376\377\000C\000o\000n\000c\000l\000u\000s\000i\000o\000n}{}% 73
\BOOKMARK [-1][-]{part*.16}{\376\377\000A\000n\000n\000e\000x\000e\000s}{}% 74
\BOOKMARK [0][-]{appendix.A}{\376\377\000P\000r\000\351\000m\000i\000s\000s\000e\000s\000\040\000d\000e\000\040\000l\000a\000\040\000n\000u\000m\000\351\000r\000i\000s\000a\000t\000i\000o\000n}{part*.16}% 75
\BOOKMARK [0][-]{appendix.B}{\376\377\000F\000a\000c\000t\000s\000h\000e\000e\000t}{part*.16}% 76
\BOOKMARK [0][-]{section*.17}{\376\377\000G\000l\000o\000s\000s\000a\000i\000r\000e}{part*.16}% 77
\BOOKMARK [0][-]{appendix*.19}{\376\377\000T\000a\000b\000l\000e\000\040\000d\000e\000s\000\040\000f\000i\000g\000u\000r\000e\000s}{part*.16}% 78
\BOOKMARK [0][-]{appendix*.20}{\376\377\000L\000i\000s\000t\000e\000\040\000d\000e\000s\000\040\000t\000a\000b\000l\000e\000a\000u\000x}{part*.16}% 79
\BOOKMARK [0][-]{appendix*.21}{\376\377\000T\000a\000b\000l\000e\000\040\000d\000e\000s\000\040\000m\000a\000t\000i\000\350\000r\000e\000s}{part*.16}% 80
